mode: atomic
github.com/kitsnail/ips/cmd/apiserver/main.go:24.13,26.51 1 0
github.com/kitsnail/ips/cmd/apiserver/main.go:26.51,29.3 2 0
github.com/kitsnail/ips/cmd/apiserver/main.go:32.2,32.46 1 0
github.com/kitsnail/ips/cmd/apiserver/main.go:32.46,35.42 3 0
github.com/kitsnail/ips/cmd/apiserver/main.go:35.42,38.4 2 0
github.com/kitsnail/ips/cmd/apiserver/main.go:39.3,41.9 3 0
github.com/kitsnail/ips/cmd/apiserver/main.go:45.2,55.21 6 0
github.com/kitsnail/ips/cmd/apiserver/main.go:55.21,57.3 1 0
github.com/kitsnail/ips/cmd/apiserver/main.go:59.2,60.16 2 0
github.com/kitsnail/ips/cmd/apiserver/main.go:60.16,62.3 1 0
github.com/kitsnail/ips/cmd/apiserver/main.go:63.2,67.18 3 0
github.com/kitsnail/ips/cmd/apiserver/main.go:67.18,69.3 1 0
github.com/kitsnail/ips/cmd/apiserver/main.go:70.2,71.16 2 0
github.com/kitsnail/ips/cmd/apiserver/main.go:71.16,73.3 1 0
github.com/kitsnail/ips/cmd/apiserver/main.go:74.2,79.16 4 0
github.com/kitsnail/ips/cmd/apiserver/main.go:79.16,81.3 1 0
github.com/kitsnail/ips/cmd/apiserver/main.go:81.8,81.25 1 0
github.com/kitsnail/ips/cmd/apiserver/main.go:81.25,88.17 3 0
github.com/kitsnail/ips/cmd/apiserver/main.go:88.17,90.4 1 0
github.com/kitsnail/ips/cmd/apiserver/main.go:90.9,92.4 1 0
github.com/kitsnail/ips/cmd/apiserver/main.go:96.2,97.23 2 0
github.com/kitsnail/ips/cmd/apiserver/main.go:97.23,99.3 1 0
github.com/kitsnail/ips/cmd/apiserver/main.go:101.2,102.23 2 0
github.com/kitsnail/ips/cmd/apiserver/main.go:102.23,104.3 1 0
github.com/kitsnail/ips/cmd/apiserver/main.go:106.2,107.25 2 0
github.com/kitsnail/ips/cmd/apiserver/main.go:107.25,109.3 1 0
github.com/kitsnail/ips/cmd/apiserver/main.go:111.2,120.21 7 0
github.com/kitsnail/ips/cmd/apiserver/main.go:120.21,123.3 2 0
github.com/kitsnail/ips/cmd/apiserver/main.go:124.2,146.53 5 0
github.com/kitsnail/ips/cmd/apiserver/main.go:146.53,148.3 1 0
github.com/kitsnail/ips/cmd/apiserver/main.go:149.2,156.16 4 0
github.com/kitsnail/ips/cmd/apiserver/main.go:156.16,158.3 1 0
github.com/kitsnail/ips/cmd/apiserver/main.go:160.2,168.12 2 0
github.com/kitsnail/ips/cmd/apiserver/main.go:168.12,170.77 2 0
github.com/kitsnail/ips/cmd/apiserver/main.go:170.77,172.4 1 0
github.com/kitsnail/ips/cmd/apiserver/main.go:176.2,188.42 8 0
github.com/kitsnail/ips/cmd/apiserver/main.go:188.42,190.3 1 0
github.com/kitsnail/ips/cmd/apiserver/main.go:192.2,192.31 1 0
github.com/kitsnail/ips/internal/api/router.go:14.299,26.39 7 0
github.com/kitsnail/ips/internal/api/router.go:26.39,28.3 1 0
github.com/kitsnail/ips/internal/api/router.go:31.2,55.2 15 0
github.com/kitsnail/ips/internal/api/router.go:55.2,91.3 26 0
github.com/kitsnail/ips/internal/api/router.go:91.3,95.4 3 0
github.com/kitsnail/ips/internal/api/router.go:98.3,100.3 3 0
github.com/kitsnail/ips/internal/api/router.go:100.3,111.4 10 0
github.com/kitsnail/ips/internal/api/router.go:113.3,113.16 1 0
github.com/kitsnail/ips/internal/api/router.go:117.2,119.2 3 0
github.com/kitsnail/ips/internal/api/router.go:119.2,130.3 10 0
github.com/kitsnail/ips/internal/api/router.go:132.2,132.15 1 0
github.com/kitsnail/ips/internal/puller/puller.go:11.49,18.25 4 0
github.com/kitsnail/ips/internal/puller/puller.go:18.25,20.3 1 0
github.com/kitsnail/ips/internal/puller/puller.go:22.2,22.29 1 0
github.com/kitsnail/ips/internal/puller/puller.go:22.29,28.26 3 0
github.com/kitsnail/ips/internal/puller/puller.go:28.26,31.4 1 0
github.com/kitsnail/ips/internal/puller/puller.go:31.9,33.4 1 0
github.com/kitsnail/ips/internal/puller/puller.go:35.3,36.17 2 0
github.com/kitsnail/ips/internal/puller/puller.go:36.17,39.4 2 0
github.com/kitsnail/ips/internal/puller/puller.go:39.9,42.4 2 0
github.com/kitsnail/ips/internal/puller/puller.go:46.2,48.16 3 0
github.com/kitsnail/ips/internal/puller/puller.go:48.16,52.3 2 0
github.com/kitsnail/ips/pkg/models/task.go:64.36,65.23 1 0
github.com/kitsnail/ips/pkg/models/task.go:65.23,67.3 1 0
github.com/kitsnail/ips/pkg/models/task.go:69.2,70.16 2 0
github.com/kitsnail/ips/pkg/models/task.go:70.16,73.3 2 0
github.com/kitsnail/ips/pkg/models/task.go:75.2,76.67 2 0
github.com/kitsnail/ips/pkg/models/utils.go:12.30,22.2 6 0
github.com/kitsnail/ips/pkg/version/version.go:18.20,21.2 1 0
github.com/kitsnail/ips/pkg/version/version.go:24.21,26.2 1 0
github.com/kitsnail/ips/internal/api/middleware/auth.go:18.71,19.30 1 0
github.com/kitsnail/ips/internal/api/middleware/auth.go:19.30,21.23 2 0
github.com/kitsnail/ips/internal/api/middleware/auth.go:21.23,25.4 3 0
github.com/kitsnail/ips/internal/api/middleware/auth.go:27.3,28.49 2 0
github.com/kitsnail/ips/internal/api/middleware/auth.go:28.49,32.4 3 0
github.com/kitsnail/ips/internal/api/middleware/auth.go:34.3,35.17 2 0
github.com/kitsnail/ips/internal/api/middleware/auth.go:35.17,39.4 3 0
github.com/kitsnail/ips/internal/api/middleware/auth.go:42.3,43.11 2 0
github.com/kitsnail/ips/internal/api/middleware/auth.go:48.71,49.30 1 0
github.com/kitsnail/ips/internal/api/middleware/auth.go:49.30,51.14 2 0
github.com/kitsnail/ips/internal/api/middleware/auth.go:51.14,55.4 3 0
github.com/kitsnail/ips/internal/api/middleware/auth.go:57.3,59.38 3 0
github.com/kitsnail/ips/internal/api/middleware/auth.go:59.38,60.25 1 0
github.com/kitsnail/ips/internal/api/middleware/auth.go:60.25,62.10 2 0
github.com/kitsnail/ips/internal/api/middleware/auth.go:66.3,66.19 1 0
github.com/kitsnail/ips/internal/api/middleware/auth.go:66.19,70.4 3 0
github.com/kitsnail/ips/internal/api/middleware/auth.go:72.3,72.11 1 0
github.com/kitsnail/ips/internal/api/middleware/auth.go:77.34,79.2 1 0
github.com/kitsnail/ips/internal/api/middleware/logging.go:11.63,12.30 1 0
github.com/kitsnail/ips/internal/api/middleware/logging.go:12.30,32.31 5 0
github.com/kitsnail/ips/internal/api/middleware/logging.go:32.31,34.4 1 0
github.com/kitsnail/ips/internal/api/middleware/logging.go:34.9,34.38 1 0
github.com/kitsnail/ips/internal/api/middleware/logging.go:34.38,36.4 1 0
github.com/kitsnail/ips/internal/api/middleware/logging.go:36.9,38.4 1 0
github.com/kitsnail/ips/internal/api/middleware/prometheus.go:12.45,13.30 1 0
github.com/kitsnail/ips/internal/api/middleware/prometheus.go:13.30,27.3 8 0
github.com/kitsnail/ips/internal/api/middleware/recovery.go:11.64,12.30 1 0
github.com/kitsnail/ips/internal/api/middleware/recovery.go:12.30,13.16 1 0
github.com/kitsnail/ips/internal/api/middleware/recovery.go:13.16,14.36 1 0
github.com/kitsnail/ips/internal/api/middleware/recovery.go:14.36,24.5 3 0
github.com/kitsnail/ips/internal/api/middleware/recovery.go:27.3,27.11 1 0
github.com/kitsnail/ips/internal/k8s/client.go:22.51,23.21 1 0
github.com/kitsnail/ips/internal/k8s/client.go:23.21,25.100 1 0
github.com/kitsnail/ips/internal/k8s/client.go:25.100,27.4 1 0
github.com/kitsnail/ips/internal/k8s/client.go:27.9,29.4 1 0
github.com/kitsnail/ips/internal/k8s/client.go:33.2,34.16 2 0
github.com/kitsnail/ips/internal/k8s/client.go:34.16,37.17 2 0
github.com/kitsnail/ips/internal/k8s/client.go:37.17,39.4 1 0
github.com/kitsnail/ips/internal/k8s/client.go:42.2,43.16 2 0
github.com/kitsnail/ips/internal/k8s/client.go:43.16,45.3 1 0
github.com/kitsnail/ips/internal/k8s/client.go:47.2,51.8 1 0
github.com/kitsnail/ips/internal/k8s/client.go:55.56,58.26 2 0
github.com/kitsnail/ips/internal/k8s/client.go:58.26,60.17 2 0
github.com/kitsnail/ips/internal/k8s/client.go:60.17,62.4 1 0
github.com/kitsnail/ips/internal/k8s/client.go:63.3,63.61 1 0
github.com/kitsnail/ips/internal/k8s/client.go:67.2,67.59 1 0
github.com/kitsnail/ips/internal/k8s/client.go:67.59,69.3 1 0
github.com/kitsnail/ips/internal/k8s/client.go:72.2,73.16 2 0
github.com/kitsnail/ips/internal/k8s/client.go:73.16,75.3 1 0
github.com/kitsnail/ips/internal/k8s/client.go:77.2,77.20 1 0
github.com/kitsnail/ips/internal/k8s/job_creator.go:24.96,25.23 1 0
github.com/kitsnail/ips/internal/k8s/job_creator.go:25.23,27.3 1 0
github.com/kitsnail/ips/internal/k8s/job_creator.go:28.2,28.23 1 0
github.com/kitsnail/ips/internal/k8s/job_creator.go:28.23,30.3 1 0
github.com/kitsnail/ips/internal/k8s/job_creator.go:31.2,31.25 1 0
github.com/kitsnail/ips/internal/k8s/job_creator.go:31.25,33.3 1 0
github.com/kitsnail/ips/internal/k8s/job_creator.go:35.2,40.3 1 0
github.com/kitsnail/ips/internal/k8s/job_creator.go:48.120,69.22 5 0
github.com/kitsnail/ips/internal/k8s/job_creator.go:69.22,81.3 1 0
github.com/kitsnail/ips/internal/k8s/job_creator.go:83.2,120.40 1 0
github.com/kitsnail/ips/internal/k8s/job_creator.go:120.40,120.53 1 0
github.com/kitsnail/ips/internal/k8s/job_creator.go:121.42,121.55 1 0
github.com/kitsnail/ips/internal/k8s/job_creator.go:122.42,122.55 1 0
github.com/kitsnail/ips/internal/k8s/job_creator.go:150.2,151.16 2 0
github.com/kitsnail/ips/internal/k8s/job_creator.go:151.16,153.3 1 0
github.com/kitsnail/ips/internal/k8s/job_creator.go:155.2,155.12 1 0
github.com/kitsnail/ips/internal/k8s/job_creator.go:159.75,166.16 3 0
github.com/kitsnail/ips/internal/k8s/job_creator.go:166.16,168.3 1 0
github.com/kitsnail/ips/internal/k8s/job_creator.go:170.2,170.12 1 0
github.com/kitsnail/ips/internal/k8s/job_creator.go:178.112,200.16 5 0
github.com/kitsnail/ips/internal/k8s/job_creator.go:200.16,202.3 1 0
github.com/kitsnail/ips/internal/k8s/job_creator.go:204.2,204.24 1 0
github.com/kitsnail/ips/internal/k8s/job_creator.go:212.117,230.16 6 0
github.com/kitsnail/ips/internal/k8s/job_creator.go:230.16,232.3 1 0
github.com/kitsnail/ips/internal/k8s/job_creator.go:237.2,253.16 3 0
github.com/kitsnail/ips/internal/k8s/job_creator.go:253.16,255.3 1 0
github.com/kitsnail/ips/internal/k8s/job_creator.go:257.2,257.24 1 0
github.com/kitsnail/ips/internal/k8s/job_creator.go:262.81,269.16 3 0
github.com/kitsnail/ips/internal/k8s/job_creator.go:269.16,271.3 1 0
github.com/kitsnail/ips/internal/k8s/job_creator.go:273.2,273.12 1 0
github.com/kitsnail/ips/internal/k8s/job_creator.go:277.98,282.16 2 0
github.com/kitsnail/ips/internal/k8s/job_creator.go:282.16,284.3 1 0
github.com/kitsnail/ips/internal/k8s/job_creator.go:286.2,286.27 1 0
github.com/kitsnail/ips/internal/k8s/job_creator.go:290.45,292.2 1 0
github.com/kitsnail/ips/internal/k8s/node.go:13.71,15.16 2 0
github.com/kitsnail/ips/internal/k8s/node.go:15.16,17.3 1 0
github.com/kitsnail/ips/internal/k8s/node.go:19.2,19.28 1 0
github.com/kitsnail/ips/internal/k8s/node.go:23.109,30.16 3 0
github.com/kitsnail/ips/internal/k8s/node.go:30.16,32.3 1 0
github.com/kitsnail/ips/internal/k8s/node.go:34.2,34.28 1 0
github.com/kitsnail/ips/internal/k8s/node.go:38.42,39.51 1 0
github.com/kitsnail/ips/internal/k8s/node.go:39.51,40.41 1 0
github.com/kitsnail/ips/internal/k8s/node.go:40.41,42.4 1 0
github.com/kitsnail/ips/internal/k8s/node.go:44.2,44.14 1 0
github.com/kitsnail/ips/internal/k8s/node.go:48.48,51.2 1 0
github.com/kitsnail/ips/internal/k8s/node.go:54.53,57.29 2 0
github.com/kitsnail/ips/internal/k8s/node.go:57.29,58.53 1 0
github.com/kitsnail/ips/internal/k8s/node.go:58.53,60.4 1 0
github.com/kitsnail/ips/internal/k8s/node.go:63.2,63.19 1 0
github.com/kitsnail/ips/internal/api/handler/auth_handler.go:15.68,19.2 1 0
github.com/kitsnail/ips/internal/api/handler/auth_handler.go:22.45,24.47 2 0
github.com/kitsnail/ips/internal/api/handler/auth_handler.go:24.47,27.3 2 0
github.com/kitsnail/ips/internal/api/handler/auth_handler.go:29.2,30.16 2 0
github.com/kitsnail/ips/internal/api/handler/auth_handler.go:30.16,33.3 2 0
github.com/kitsnail/ips/internal/api/handler/auth_handler.go:35.2,35.29 1 0
github.com/kitsnail/ips/internal/api/handler/health.go:14.40,16.2 1 0
github.com/kitsnail/ips/internal/api/handler/health.go:19.53,24.2 1 0
github.com/kitsnail/ips/internal/api/handler/health.go:27.52,33.2 1 0
github.com/kitsnail/ips/internal/api/handler/library.go:19.75,21.2 1 0
github.com/kitsnail/ips/internal/api/handler/library.go:24.53,28.36 3 0
github.com/kitsnail/ips/internal/api/handler/library.go:28.36,29.63 1 0
github.com/kitsnail/ips/internal/api/handler/library.go:29.63,31.4 1 0
github.com/kitsnail/ips/internal/api/handler/library.go:33.2,33.37 1 0
github.com/kitsnail/ips/internal/api/handler/library.go:33.37,34.64 1 0
github.com/kitsnail/ips/internal/api/handler/library.go:34.64,36.4 1 0
github.com/kitsnail/ips/internal/api/handler/library.go:39.2,40.16 2 0
github.com/kitsnail/ips/internal/api/handler/library.go:40.16,43.3 2 0
github.com/kitsnail/ips/internal/api/handler/library.go:44.2,49.4 1 0
github.com/kitsnail/ips/internal/api/handler/library.go:53.52,55.47 2 0
github.com/kitsnail/ips/internal/api/handler/library.go:55.47,58.3 2 0
github.com/kitsnail/ips/internal/api/handler/library.go:60.2,60.21 1 0
github.com/kitsnail/ips/internal/api/handler/library.go:60.21,63.3 2 0
github.com/kitsnail/ips/internal/api/handler/library.go:65.2,65.68 1 0
github.com/kitsnail/ips/internal/api/handler/library.go:65.68,68.3 2 0
github.com/kitsnail/ips/internal/api/handler/library.go:70.2,70.33 1 0
github.com/kitsnail/ips/internal/api/handler/library.go:74.54,77.16 3 0
github.com/kitsnail/ips/internal/api/handler/library.go:77.16,80.3 2 0
github.com/kitsnail/ips/internal/api/handler/library.go:82.2,82.68 1 0
github.com/kitsnail/ips/internal/api/handler/library.go:82.68,85.3 2 0
github.com/kitsnail/ips/internal/api/handler/library.go:87.2,87.81 1 0
github.com/kitsnail/ips/internal/api/handler/scheduled_task.go:16.104,20.2 1 0
github.com/kitsnail/ips/internal/api/handler/scheduled_task.go:22.68,25.47 2 0
github.com/kitsnail/ips/internal/api/handler/scheduled_task.go:25.47,31.3 2 0
github.com/kitsnail/ips/internal/api/handler/scheduled_task.go:33.2,33.26 1 0
github.com/kitsnail/ips/internal/api/handler/scheduled_task.go:33.26,35.3 1 0
github.com/kitsnail/ips/internal/api/handler/scheduled_task.go:37.2,37.29 1 0
github.com/kitsnail/ips/internal/api/handler/scheduled_task.go:37.29,39.3 1 0
github.com/kitsnail/ips/internal/api/handler/scheduled_task.go:41.2,54.61 3 0
github.com/kitsnail/ips/internal/api/handler/scheduled_task.go:54.61,60.3 2 0
github.com/kitsnail/ips/internal/api/handler/scheduled_task.go:62.2,62.34 1 0
github.com/kitsnail/ips/internal/api/handler/scheduled_task.go:65.65,69.16 3 0
github.com/kitsnail/ips/internal/api/handler/scheduled_task.go:69.16,75.3 2 0
github.com/kitsnail/ips/internal/api/handler/scheduled_task.go:77.2,77.29 1 0
github.com/kitsnail/ips/internal/api/handler/scheduled_task.go:80.67,82.48 2 0
github.com/kitsnail/ips/internal/api/handler/scheduled_task.go:82.48,88.3 2 0
github.com/kitsnail/ips/internal/api/handler/scheduled_task.go:90.2,90.20 1 0
github.com/kitsnail/ips/internal/api/handler/scheduled_task.go:90.20,92.3 1 0
github.com/kitsnail/ips/internal/api/handler/scheduled_task.go:93.2,93.21 1 0
github.com/kitsnail/ips/internal/api/handler/scheduled_task.go:93.21,95.3 1 0
github.com/kitsnail/ips/internal/api/handler/scheduled_task.go:96.2,96.20 1 0
github.com/kitsnail/ips/internal/api/handler/scheduled_task.go:96.20,98.3 1 0
github.com/kitsnail/ips/internal/api/handler/scheduled_task.go:100.2,101.16 2 0
github.com/kitsnail/ips/internal/api/handler/scheduled_task.go:101.16,107.3 2 0
github.com/kitsnail/ips/internal/api/handler/scheduled_task.go:109.2,114.4 1 0
github.com/kitsnail/ips/internal/api/handler/scheduled_task.go:117.68,121.16 3 0
github.com/kitsnail/ips/internal/api/handler/scheduled_task.go:121.16,127.3 2 0
github.com/kitsnail/ips/internal/api/handler/scheduled_task.go:129.2,130.47 2 0
github.com/kitsnail/ips/internal/api/handler/scheduled_task.go:130.47,136.3 2 0
github.com/kitsnail/ips/internal/api/handler/scheduled_task.go:138.2,138.21 1 0
github.com/kitsnail/ips/internal/api/handler/scheduled_task.go:138.21,140.3 1 0
github.com/kitsnail/ips/internal/api/handler/scheduled_task.go:141.2,141.28 1 0
github.com/kitsnail/ips/internal/api/handler/scheduled_task.go:141.28,143.3 1 0
github.com/kitsnail/ips/internal/api/handler/scheduled_task.go:144.2,144.25 1 0
github.com/kitsnail/ips/internal/api/handler/scheduled_task.go:144.25,146.3 1 0
github.com/kitsnail/ips/internal/api/handler/scheduled_task.go:147.2,147.24 1 0
github.com/kitsnail/ips/internal/api/handler/scheduled_task.go:147.24,149.3 1 0
github.com/kitsnail/ips/internal/api/handler/scheduled_task.go:150.2,150.27 1 0
github.com/kitsnail/ips/internal/api/handler/scheduled_task.go:150.27,152.3 1 0
github.com/kitsnail/ips/internal/api/handler/scheduled_task.go:153.2,153.30 1 0
github.com/kitsnail/ips/internal/api/handler/scheduled_task.go:153.30,155.3 1 0
github.com/kitsnail/ips/internal/api/handler/scheduled_task.go:156.2,156.31 1 0
github.com/kitsnail/ips/internal/api/handler/scheduled_task.go:156.31,158.3 1 0
github.com/kitsnail/ips/internal/api/handler/scheduled_task.go:160.2,160.66 1 0
github.com/kitsnail/ips/internal/api/handler/scheduled_task.go:160.66,166.3 2 0
github.com/kitsnail/ips/internal/api/handler/scheduled_task.go:168.2,168.18 1 0
github.com/kitsnail/ips/internal/api/handler/scheduled_task.go:168.18,169.62 1 0
github.com/kitsnail/ips/internal/api/handler/scheduled_task.go:169.62,175.4 2 0
github.com/kitsnail/ips/internal/api/handler/scheduled_task.go:178.2,178.29 1 0
github.com/kitsnail/ips/internal/api/handler/scheduled_task.go:181.68,184.66 2 0
github.com/kitsnail/ips/internal/api/handler/scheduled_task.go:184.66,190.3 2 0
github.com/kitsnail/ips/internal/api/handler/scheduled_task.go:192.2,192.96 1 0
github.com/kitsnail/ips/internal/api/handler/scheduled_task.go:192.96,198.3 2 0
github.com/kitsnail/ips/internal/api/handler/scheduled_task.go:200.2,204.4 1 0
github.com/kitsnail/ips/internal/api/handler/scheduled_task.go:207.59,210.66 2 0
github.com/kitsnail/ips/internal/api/handler/scheduled_task.go:210.66,216.3 2 0
github.com/kitsnail/ips/internal/api/handler/scheduled_task.go:218.2,222.4 1 0
github.com/kitsnail/ips/internal/api/handler/scheduled_task.go:225.60,228.67 2 0
github.com/kitsnail/ips/internal/api/handler/scheduled_task.go:228.67,234.3 2 0
github.com/kitsnail/ips/internal/api/handler/scheduled_task.go:236.2,240.4 1 0
github.com/kitsnail/ips/internal/api/handler/scheduled_task.go:243.60,247.16 3 0
github.com/kitsnail/ips/internal/api/handler/scheduled_task.go:247.16,253.3 2 0
github.com/kitsnail/ips/internal/api/handler/scheduled_task.go:255.2,259.4 1 0
github.com/kitsnail/ips/internal/api/handler/scheduled_task.go:262.63,266.48 3 0
github.com/kitsnail/ips/internal/api/handler/scheduled_task.go:266.48,272.3 2 0
github.com/kitsnail/ips/internal/api/handler/scheduled_task.go:274.2,274.20 1 0
github.com/kitsnail/ips/internal/api/handler/scheduled_task.go:274.20,276.3 1 0
github.com/kitsnail/ips/internal/api/handler/scheduled_task.go:277.2,277.21 1 0
github.com/kitsnail/ips/internal/api/handler/scheduled_task.go:277.21,279.3 1 0
github.com/kitsnail/ips/internal/api/handler/scheduled_task.go:280.2,280.20 1 0
github.com/kitsnail/ips/internal/api/handler/scheduled_task.go:280.20,282.3 1 0
github.com/kitsnail/ips/internal/api/handler/scheduled_task.go:284.2,285.16 2 0
github.com/kitsnail/ips/internal/api/handler/scheduled_task.go:285.16,291.3 2 0
github.com/kitsnail/ips/internal/api/handler/scheduled_task.go:293.2,298.4 1 0
github.com/kitsnail/ips/internal/api/handler/scheduled_task.go:301.61,304.16 3 0
github.com/kitsnail/ips/internal/api/handler/scheduled_task.go:304.16,310.3 2 0
github.com/kitsnail/ips/internal/api/handler/scheduled_task.go:312.2,313.16 2 0
github.com/kitsnail/ips/internal/api/handler/scheduled_task.go:313.16,319.3 2 0
github.com/kitsnail/ips/internal/api/handler/scheduled_task.go:321.2,321.34 1 0
github.com/kitsnail/ips/internal/api/handler/secret.go:16.86,20.2 1 0
github.com/kitsnail/ips/internal/api/handler/secret.go:22.53,28.16 5 0
github.com/kitsnail/ips/internal/api/handler/secret.go:28.16,31.3 2 0
github.com/kitsnail/ips/internal/api/handler/secret.go:33.2,38.4 1 0
github.com/kitsnail/ips/internal/api/handler/secret.go:41.54,43.47 2 0
github.com/kitsnail/ips/internal/api/handler/secret.go:43.47,46.3 2 0
github.com/kitsnail/ips/internal/api/handler/secret.go:48.2,55.79 2 0
github.com/kitsnail/ips/internal/api/handler/secret.go:55.79,58.3 2 0
github.com/kitsnail/ips/internal/api/handler/secret.go:60.2,60.36 1 0
github.com/kitsnail/ips/internal/api/handler/secret.go:63.51,66.16 3 0
github.com/kitsnail/ips/internal/api/handler/secret.go:66.16,69.3 2 0
github.com/kitsnail/ips/internal/api/handler/secret.go:71.2,72.16 2 0
github.com/kitsnail/ips/internal/api/handler/secret.go:72.16,73.40 1 0
github.com/kitsnail/ips/internal/api/handler/secret.go:73.40,76.4 2 0
github.com/kitsnail/ips/internal/api/handler/secret.go:77.3,78.9 2 0
github.com/kitsnail/ips/internal/api/handler/secret.go:81.2,81.31 1 0
github.com/kitsnail/ips/internal/api/handler/secret.go:84.54,87.16 3 0
github.com/kitsnail/ips/internal/api/handler/secret.go:87.16,90.3 2 0
github.com/kitsnail/ips/internal/api/handler/secret.go:92.2,93.47 2 0
github.com/kitsnail/ips/internal/api/handler/secret.go:93.47,96.3 2 0
github.com/kitsnail/ips/internal/api/handler/secret.go:98.2,99.16 2 0
github.com/kitsnail/ips/internal/api/handler/secret.go:99.16,100.40 1 0
github.com/kitsnail/ips/internal/api/handler/secret.go:100.40,103.4 2 0
github.com/kitsnail/ips/internal/api/handler/secret.go:104.3,105.9 2 0
github.com/kitsnail/ips/internal/api/handler/secret.go:108.2,111.24 4 0
github.com/kitsnail/ips/internal/api/handler/secret.go:111.24,113.3 1 0
github.com/kitsnail/ips/internal/api/handler/secret.go:115.2,115.79 1 0
github.com/kitsnail/ips/internal/api/handler/secret.go:115.79,118.3 2 0
github.com/kitsnail/ips/internal/api/handler/secret.go:120.2,120.31 1 0
github.com/kitsnail/ips/internal/api/handler/secret.go:123.54,126.16 3 0
github.com/kitsnail/ips/internal/api/handler/secret.go:126.16,129.3 2 0
github.com/kitsnail/ips/internal/api/handler/secret.go:131.2,131.75 1 0
github.com/kitsnail/ips/internal/api/handler/secret.go:131.75,134.3 2 0
github.com/kitsnail/ips/internal/api/handler/secret.go:136.2,136.32 1 0
github.com/kitsnail/ips/internal/api/handler/task.go:20.68,24.2 1 1
github.com/kitsnail/ips/internal/api/handler/task.go:29.50,32.47 2 5
github.com/kitsnail/ips/internal/api/handler/task.go:32.47,38.3 2 0
github.com/kitsnail/ips/internal/api/handler/task.go:43.2,43.22 1 5
github.com/kitsnail/ips/internal/api/handler/task.go:43.22,45.69 1 0
github.com/kitsnail/ips/internal/api/handler/task.go:45.69,51.4 2 0
github.com/kitsnail/ips/internal/api/handler/task.go:52.8,52.75 1 5
github.com/kitsnail/ips/internal/api/handler/task.go:52.75,54.71 1 5
github.com/kitsnail/ips/internal/api/handler/task.go:54.71,60.4 2 2
github.com/kitsnail/ips/internal/api/handler/task.go:61.3,61.71 1 3
github.com/kitsnail/ips/internal/api/handler/task.go:61.71,67.4 2 2
github.com/kitsnail/ips/internal/api/handler/task.go:71.2,72.16 2 1
github.com/kitsnail/ips/internal/api/handler/task.go:72.16,78.3 2 0
github.com/kitsnail/ips/internal/api/handler/task.go:80.2,80.34 1 1
github.com/kitsnail/ips/internal/api/handler/task.go:86.47,90.16 3 0
github.com/kitsnail/ips/internal/api/handler/task.go:90.16,91.40 1 0
github.com/kitsnail/ips/internal/api/handler/task.go:91.40,97.4 2 0
github.com/kitsnail/ips/internal/api/handler/task.go:99.3,103.9 2 0
github.com/kitsnail/ips/internal/api/handler/task.go:106.2,106.29 1 0
github.com/kitsnail/ips/internal/api/handler/task.go:113.49,116.48 2 0
github.com/kitsnail/ips/internal/api/handler/task.go:116.48,122.3 2 0
github.com/kitsnail/ips/internal/api/handler/task.go:125.2,125.20 1 0
github.com/kitsnail/ips/internal/api/handler/task.go:125.20,127.3 1 0
github.com/kitsnail/ips/internal/api/handler/task.go:128.2,128.21 1 0
github.com/kitsnail/ips/internal/api/handler/task.go:128.21,130.3 1 0
github.com/kitsnail/ips/internal/api/handler/task.go:131.2,131.20 1 0
github.com/kitsnail/ips/internal/api/handler/task.go:131.20,133.3 1 0
github.com/kitsnail/ips/internal/api/handler/task.go:139.2,140.16 2 0
github.com/kitsnail/ips/internal/api/handler/task.go:140.16,146.3 2 0
github.com/kitsnail/ips/internal/api/handler/task.go:148.2,153.4 1 0
github.com/kitsnail/ips/internal/api/handler/task.go:159.50,163.16 3 0
github.com/kitsnail/ips/internal/api/handler/task.go:163.16,164.40 1 0
github.com/kitsnail/ips/internal/api/handler/task.go:164.40,169.4 2 0
github.com/kitsnail/ips/internal/api/handler/task.go:171.3,175.9 2 0
github.com/kitsnail/ips/internal/api/handler/task.go:178.2,183.4 1 0
github.com/kitsnail/ips/internal/api/handler/task.go:187.56,188.17 1 0
github.com/kitsnail/ips/internal/api/handler/task.go:188.17,190.3 1 0
github.com/kitsnail/ips/internal/api/handler/task.go:192.2,193.16 2 0
github.com/kitsnail/ips/internal/api/handler/task.go:193.16,195.3 1 0
github.com/kitsnail/ips/internal/api/handler/task.go:197.2,197.17 1 0
github.com/kitsnail/ips/internal/api/handler/user_handler.go:17.70,21.2 1 0
github.com/kitsnail/ips/internal/api/handler/user_handler.go:24.49,26.16 2 0
github.com/kitsnail/ips/internal/api/handler/user_handler.go:26.16,29.3 2 0
github.com/kitsnail/ips/internal/api/handler/user_handler.go:30.2,30.30 1 0
github.com/kitsnail/ips/internal/api/handler/user_handler.go:34.50,36.47 2 0
github.com/kitsnail/ips/internal/api/handler/user_handler.go:36.47,39.3 2 0
github.com/kitsnail/ips/internal/api/handler/user_handler.go:42.2,43.16 2 0
github.com/kitsnail/ips/internal/api/handler/user_handler.go:43.16,46.3 2 0
github.com/kitsnail/ips/internal/api/handler/user_handler.go:48.2,54.73 2 0
github.com/kitsnail/ips/internal/api/handler/user_handler.go:54.73,57.3 2 0
github.com/kitsnail/ips/internal/api/handler/user_handler.go:59.2,59.34 1 0
github.com/kitsnail/ips/internal/api/handler/user_handler.go:63.50,66.16 3 0
github.com/kitsnail/ips/internal/api/handler/user_handler.go:66.16,69.3 2 0
github.com/kitsnail/ips/internal/api/handler/user_handler.go:71.2,71.71 1 0
github.com/kitsnail/ips/internal/api/handler/user_handler.go:71.71,74.3 2 0
github.com/kitsnail/ips/internal/api/handler/user_handler.go:76.2,76.57 1 0
github.com/kitsnail/ips/internal/api/handler/user_handler.go:80.50,83.16 3 0
github.com/kitsnail/ips/internal/api/handler/user_handler.go:83.16,86.3 2 0
github.com/kitsnail/ips/internal/api/handler/user_handler.go:89.2,90.13 2 0
github.com/kitsnail/ips/internal/api/handler/user_handler.go:90.13,93.3 2 0
github.com/kitsnail/ips/internal/api/handler/user_handler.go:94.2,97.72 2 0
github.com/kitsnail/ips/internal/api/handler/user_handler.go:97.72,100.3 2 0
github.com/kitsnail/ips/internal/api/handler/user_handler.go:102.2,105.47 2 0
github.com/kitsnail/ips/internal/api/handler/user_handler.go:105.47,108.3 2 0
github.com/kitsnail/ips/internal/api/handler/user_handler.go:111.2,112.16 2 0
github.com/kitsnail/ips/internal/api/handler/user_handler.go:112.16,115.3 2 0
github.com/kitsnail/ips/internal/api/handler/user_handler.go:118.2,119.16 2 0
github.com/kitsnail/ips/internal/api/handler/user_handler.go:119.16,122.3 2 0
github.com/kitsnail/ips/internal/api/handler/user_handler.go:124.2,125.73 2 0
github.com/kitsnail/ips/internal/api/handler/user_handler.go:125.73,128.3 2 0
github.com/kitsnail/ips/internal/api/handler/user_handler.go:130.2,130.74 1 0
github.com/kitsnail/ips/internal/k8s/client.go:22.51,23.21 1 0
github.com/kitsnail/ips/internal/k8s/client.go:23.21,25.100 1 0
github.com/kitsnail/ips/internal/k8s/client.go:25.100,27.4 1 0
github.com/kitsnail/ips/internal/k8s/client.go:27.9,29.4 1 0
github.com/kitsnail/ips/internal/k8s/client.go:33.2,34.16 2 0
github.com/kitsnail/ips/internal/k8s/client.go:34.16,37.17 2 0
github.com/kitsnail/ips/internal/k8s/client.go:37.17,39.4 1 0
github.com/kitsnail/ips/internal/k8s/client.go:42.2,43.16 2 0
github.com/kitsnail/ips/internal/k8s/client.go:43.16,45.3 1 0
github.com/kitsnail/ips/internal/k8s/client.go:47.2,51.8 1 0
github.com/kitsnail/ips/internal/k8s/client.go:55.56,58.26 2 0
github.com/kitsnail/ips/internal/k8s/client.go:58.26,60.17 2 0
github.com/kitsnail/ips/internal/k8s/client.go:60.17,62.4 1 0
github.com/kitsnail/ips/internal/k8s/client.go:63.3,63.61 1 0
github.com/kitsnail/ips/internal/k8s/client.go:67.2,67.59 1 0
github.com/kitsnail/ips/internal/k8s/client.go:67.59,69.3 1 0
github.com/kitsnail/ips/internal/k8s/client.go:72.2,73.16 2 0
github.com/kitsnail/ips/internal/k8s/client.go:73.16,75.3 1 0
github.com/kitsnail/ips/internal/k8s/client.go:77.2,77.20 1 0
github.com/kitsnail/ips/internal/k8s/job_creator.go:24.96,25.23 1 1
github.com/kitsnail/ips/internal/k8s/job_creator.go:25.23,27.3 1 0
github.com/kitsnail/ips/internal/k8s/job_creator.go:28.2,28.23 1 1
github.com/kitsnail/ips/internal/k8s/job_creator.go:28.23,30.3 1 0
github.com/kitsnail/ips/internal/k8s/job_creator.go:31.2,31.25 1 1
github.com/kitsnail/ips/internal/k8s/job_creator.go:31.25,33.3 1 0
github.com/kitsnail/ips/internal/k8s/job_creator.go:35.2,40.3 1 1
github.com/kitsnail/ips/internal/k8s/job_creator.go:48.120,69.22 5 1
github.com/kitsnail/ips/internal/k8s/job_creator.go:69.22,81.3 1 1
github.com/kitsnail/ips/internal/k8s/job_creator.go:83.2,120.40 1 1
github.com/kitsnail/ips/internal/k8s/job_creator.go:120.40,120.53 1 1
github.com/kitsnail/ips/internal/k8s/job_creator.go:121.42,121.55 1 1
github.com/kitsnail/ips/internal/k8s/job_creator.go:122.42,122.55 1 1
github.com/kitsnail/ips/internal/k8s/job_creator.go:150.2,151.16 2 1
github.com/kitsnail/ips/internal/k8s/job_creator.go:151.16,153.3 1 0
github.com/kitsnail/ips/internal/k8s/job_creator.go:155.2,155.12 1 0
github.com/kitsnail/ips/internal/k8s/job_creator.go:159.75,166.16 3 0
github.com/kitsnail/ips/internal/k8s/job_creator.go:166.16,168.3 1 0
github.com/kitsnail/ips/internal/k8s/job_creator.go:170.2,170.12 1 0
github.com/kitsnail/ips/internal/k8s/job_creator.go:178.112,200.16 5 1
github.com/kitsnail/ips/internal/k8s/job_creator.go:200.16,202.3 1 0
github.com/kitsnail/ips/internal/k8s/job_creator.go:204.2,204.24 1 1
github.com/kitsnail/ips/internal/k8s/job_creator.go:212.117,230.16 6 0
github.com/kitsnail/ips/internal/k8s/job_creator.go:230.16,232.3 1 0
github.com/kitsnail/ips/internal/k8s/job_creator.go:237.2,253.16 3 0
github.com/kitsnail/ips/internal/k8s/job_creator.go:253.16,255.3 1 0
github.com/kitsnail/ips/internal/k8s/job_creator.go:257.2,257.24 1 0
github.com/kitsnail/ips/internal/k8s/job_creator.go:262.81,269.16 3 0
github.com/kitsnail/ips/internal/k8s/job_creator.go:269.16,271.3 1 0
github.com/kitsnail/ips/internal/k8s/job_creator.go:273.2,273.12 1 0
github.com/kitsnail/ips/internal/k8s/job_creator.go:277.98,282.16 2 0
github.com/kitsnail/ips/internal/k8s/job_creator.go:282.16,284.3 1 0
github.com/kitsnail/ips/internal/k8s/job_creator.go:286.2,286.27 1 0
github.com/kitsnail/ips/internal/k8s/job_creator.go:290.45,292.2 1 0
github.com/kitsnail/ips/internal/k8s/node.go:13.71,15.16 2 1
github.com/kitsnail/ips/internal/k8s/node.go:15.16,17.3 1 0
github.com/kitsnail/ips/internal/k8s/node.go:19.2,19.28 1 1
github.com/kitsnail/ips/internal/k8s/node.go:23.109,30.16 3 0
github.com/kitsnail/ips/internal/k8s/node.go:30.16,32.3 1 0
github.com/kitsnail/ips/internal/k8s/node.go:34.2,34.28 1 0
github.com/kitsnail/ips/internal/k8s/node.go:38.42,39.51 1 1
github.com/kitsnail/ips/internal/k8s/node.go:39.51,40.41 1 1
github.com/kitsnail/ips/internal/k8s/node.go:40.41,42.4 1 1
github.com/kitsnail/ips/internal/k8s/node.go:44.2,44.14 1 0
github.com/kitsnail/ips/internal/k8s/node.go:48.48,51.2 1 1
github.com/kitsnail/ips/internal/k8s/node.go:54.53,57.29 2 1
github.com/kitsnail/ips/internal/k8s/node.go:57.29,58.53 1 1
github.com/kitsnail/ips/internal/k8s/node.go:58.53,60.4 1 1
github.com/kitsnail/ips/internal/k8s/node.go:63.2,63.19 1 1
github.com/kitsnail/ips/pkg/models/task.go:64.36,65.23 1 0
github.com/kitsnail/ips/pkg/models/task.go:65.23,67.3 1 0
github.com/kitsnail/ips/pkg/models/task.go:69.2,70.16 2 0
github.com/kitsnail/ips/pkg/models/task.go:70.16,73.3 2 0
github.com/kitsnail/ips/pkg/models/task.go:75.2,76.67 2 0
github.com/kitsnail/ips/pkg/models/utils.go:12.30,22.2 6 1
github.com/kitsnail/ips/internal/repository/memory.go:18.46,22.2 1 6
github.com/kitsnail/ips/internal/repository/memory.go:25.85,29.43 3 9
github.com/kitsnail/ips/internal/repository/memory.go:29.43,31.3 1 1
github.com/kitsnail/ips/internal/repository/memory.go:33.2,34.12 2 8
github.com/kitsnail/ips/internal/repository/memory.go:38.90,43.13 4 5
github.com/kitsnail/ips/internal/repository/memory.go:43.13,45.3 1 2
github.com/kitsnail/ips/internal/repository/memory.go:47.2,47.18 1 3
github.com/kitsnail/ips/internal/repository/memory.go:51.107,56.31 4 1
github.com/kitsnail/ips/internal/repository/memory.go:56.31,58.3 1 3
github.com/kitsnail/ips/internal/repository/memory.go:60.2,60.43 1 1
github.com/kitsnail/ips/internal/repository/memory.go:60.43,62.3 1 3
github.com/kitsnail/ips/internal/repository/memory.go:64.2,67.16 2 1
github.com/kitsnail/ips/internal/repository/memory.go:67.16,69.3 1 0
github.com/kitsnail/ips/internal/repository/memory.go:70.2,70.16 1 1
github.com/kitsnail/ips/internal/repository/memory.go:70.16,72.3 1 0
github.com/kitsnail/ips/internal/repository/memory.go:74.2,74.21 1 1
github.com/kitsnail/ips/internal/repository/memory.go:74.21,76.3 1 0
github.com/kitsnail/ips/internal/repository/memory.go:78.2,79.17 2 1
github.com/kitsnail/ips/internal/repository/memory.go:79.17,81.3 1 1
github.com/kitsnail/ips/internal/repository/memory.go:83.2,83.41 1 1
github.com/kitsnail/ips/internal/repository/memory.go:87.85,91.44 3 1
github.com/kitsnail/ips/internal/repository/memory.go:91.44,93.3 1 0
github.com/kitsnail/ips/internal/repository/memory.go:95.2,96.12 2 1
github.com/kitsnail/ips/internal/repository/memory.go:100.77,104.39 3 1
github.com/kitsnail/ips/internal/repository/memory.go:104.39,106.3 1 0
github.com/kitsnail/ips/internal/repository/memory.go:108.2,109.12 2 1
github.com/kitsnail/ips/internal/repository/memory.go:114.85,114.99 1 0
github.com/kitsnail/ips/internal/repository/memory.go:115.89,117.2 1 0
github.com/kitsnail/ips/internal/repository/memory.go:118.102,120.2 1 0
github.com/kitsnail/ips/internal/repository/memory.go:121.91,121.110 1 0
github.com/kitsnail/ips/internal/repository/memory.go:122.91,122.105 1 0
github.com/kitsnail/ips/internal/repository/memory.go:123.91,123.105 1 0
github.com/kitsnail/ips/internal/repository/memory.go:124.91,124.105 1 0
github.com/kitsnail/ips/internal/repository/memory.go:125.101,127.2 1 0
github.com/kitsnail/ips/internal/repository/memory.go:128.102,130.2 1 0
github.com/kitsnail/ips/internal/repository/memory.go:131.77,131.91 1 0
github.com/kitsnail/ips/internal/repository/memory.go:133.99,135.2 1 0
github.com/kitsnail/ips/internal/repository/memory.go:136.101,138.2 1 0
github.com/kitsnail/ips/internal/repository/memory.go:139.110,141.2 1 0
github.com/kitsnail/ips/internal/repository/memory.go:142.119,144.2 1 0
github.com/kitsnail/ips/internal/repository/memory.go:145.99,147.2 1 0
github.com/kitsnail/ips/internal/repository/memory.go:148.78,148.92 1 0
github.com/kitsnail/ips/internal/repository/memory.go:149.112,151.2 1 0
github.com/kitsnail/ips/internal/repository/memory.go:153.102,155.2 1 0
github.com/kitsnail/ips/internal/repository/memory.go:156.105,158.2 1 0
github.com/kitsnail/ips/internal/repository/memory.go:159.123,161.2 1 0
github.com/kitsnail/ips/internal/repository/memory.go:162.84,162.98 1 0
github.com/kitsnail/ips/internal/repository/sqlite.go:18.65,20.16 2 0
github.com/kitsnail/ips/internal/repository/sqlite.go:20.16,22.3 1 0
github.com/kitsnail/ips/internal/repository/sqlite.go:24.2,25.42 2 0
github.com/kitsnail/ips/internal/repository/sqlite.go:25.42,27.3 1 0
github.com/kitsnail/ips/internal/repository/sqlite.go:29.2,29.18 1 0
github.com/kitsnail/ips/internal/repository/sqlite.go:32.47,132.147 8 0
github.com/kitsnail/ips/internal/repository/sqlite.go:132.147,133.46 1 0
github.com/kitsnail/ips/internal/repository/sqlite.go:133.46,135.4 1 0
github.com/kitsnail/ips/internal/repository/sqlite.go:139.2,146.39 2 0
github.com/kitsnail/ips/internal/repository/sqlite.go:146.39,149.3 1 0
github.com/kitsnail/ips/internal/repository/sqlite.go:151.2,158.30 2 0
github.com/kitsnail/ips/internal/repository/sqlite.go:158.30,160.3 1 0
github.com/kitsnail/ips/internal/repository/sqlite.go:162.2,162.12 1 0
github.com/kitsnail/ips/internal/repository/sqlite.go:167.85,182.2 7 0
github.com/kitsnail/ips/internal/repository/sqlite.go:184.85,196.2 6 0
github.com/kitsnail/ips/internal/repository/sqlite.go:198.90,212.26 6 0
github.com/kitsnail/ips/internal/repository/sqlite.go:212.26,214.3 1 0
github.com/kitsnail/ips/internal/repository/sqlite.go:215.2,215.16 1 0
github.com/kitsnail/ips/internal/repository/sqlite.go:215.16,217.3 1 0
github.com/kitsnail/ips/internal/repository/sqlite.go:219.2,224.19 5 0
github.com/kitsnail/ips/internal/repository/sqlite.go:227.107,231.16 3 0
github.com/kitsnail/ips/internal/repository/sqlite.go:231.16,233.3 1 0
github.com/kitsnail/ips/internal/repository/sqlite.go:235.2,240.16 3 0
github.com/kitsnail/ips/internal/repository/sqlite.go:240.16,242.3 1 0
github.com/kitsnail/ips/internal/repository/sqlite.go:243.2,246.18 3 0
github.com/kitsnail/ips/internal/repository/sqlite.go:246.18,254.17 4 0
github.com/kitsnail/ips/internal/repository/sqlite.go:254.17,256.4 1 0
github.com/kitsnail/ips/internal/repository/sqlite.go:258.3,263.31 5 0
github.com/kitsnail/ips/internal/repository/sqlite.go:265.2,265.26 1 0
github.com/kitsnail/ips/internal/repository/sqlite.go:268.77,271.2 2 0
github.com/kitsnail/ips/internal/repository/sqlite.go:275.85,282.16 6 0
github.com/kitsnail/ips/internal/repository/sqlite.go:282.16,284.3 1 0
github.com/kitsnail/ips/internal/repository/sqlite.go:285.2,287.12 3 0
github.com/kitsnail/ips/internal/repository/sqlite.go:290.89,294.26 4 0
github.com/kitsnail/ips/internal/repository/sqlite.go:294.26,296.3 1 0
github.com/kitsnail/ips/internal/repository/sqlite.go:297.2,297.19 1 0
github.com/kitsnail/ips/internal/repository/sqlite.go:300.102,304.26 4 0
github.com/kitsnail/ips/internal/repository/sqlite.go:304.26,306.3 1 0
github.com/kitsnail/ips/internal/repository/sqlite.go:307.2,307.19 1 0
github.com/kitsnail/ips/internal/repository/sqlite.go:310.83,312.16 2 0
github.com/kitsnail/ips/internal/repository/sqlite.go:312.16,314.3 1 0
github.com/kitsnail/ips/internal/repository/sqlite.go:315.2,318.18 3 0
github.com/kitsnail/ips/internal/repository/sqlite.go:318.18,320.107 2 0
github.com/kitsnail/ips/internal/repository/sqlite.go:320.107,322.4 1 0
github.com/kitsnail/ips/internal/repository/sqlite.go:323.3,323.31 1 0
github.com/kitsnail/ips/internal/repository/sqlite.go:325.2,325.19 1 0
github.com/kitsnail/ips/internal/repository/sqlite.go:328.85,333.2 4 0
github.com/kitsnail/ips/internal/repository/sqlite.go:335.76,338.2 2 0
github.com/kitsnail/ips/internal/repository/sqlite.go:340.91,344.16 4 0
github.com/kitsnail/ips/internal/repository/sqlite.go:344.16,346.3 1 0
github.com/kitsnail/ips/internal/repository/sqlite.go:347.2,349.12 3 0
github.com/kitsnail/ips/internal/repository/sqlite.go:352.101,356.26 4 0
github.com/kitsnail/ips/internal/repository/sqlite.go:356.26,358.3 1 0
github.com/kitsnail/ips/internal/repository/sqlite.go:359.2,359.20 1 0
github.com/kitsnail/ips/internal/repository/sqlite.go:362.102,364.16 2 0
github.com/kitsnail/ips/internal/repository/sqlite.go:364.16,366.3 1 0
github.com/kitsnail/ips/internal/repository/sqlite.go:367.2,370.18 3 0
github.com/kitsnail/ips/internal/repository/sqlite.go:370.18,372.124 2 0
github.com/kitsnail/ips/internal/repository/sqlite.go:372.124,374.4 1 0
github.com/kitsnail/ips/internal/repository/sqlite.go:375.3,375.34 1 0
github.com/kitsnail/ips/internal/repository/sqlite.go:377.2,377.20 1 0
github.com/kitsnail/ips/internal/repository/sqlite.go:380.77,383.2 2 0
github.com/kitsnail/ips/internal/repository/sqlite.go:387.91,388.28 1 0
github.com/kitsnail/ips/internal/repository/sqlite.go:388.28,390.3 1 0
github.com/kitsnail/ips/internal/repository/sqlite.go:391.2,393.16 3 0
github.com/kitsnail/ips/internal/repository/sqlite.go:393.16,395.3 1 0
github.com/kitsnail/ips/internal/repository/sqlite.go:396.2,398.12 3 0
github.com/kitsnail/ips/internal/repository/sqlite.go:401.116,405.16 3 0
github.com/kitsnail/ips/internal/repository/sqlite.go:405.16,407.3 1 0
github.com/kitsnail/ips/internal/repository/sqlite.go:409.2,411.16 3 0
github.com/kitsnail/ips/internal/repository/sqlite.go:411.16,413.3 1 0
github.com/kitsnail/ips/internal/repository/sqlite.go:414.2,417.18 3 0
github.com/kitsnail/ips/internal/repository/sqlite.go:417.18,419.83 2 0
github.com/kitsnail/ips/internal/repository/sqlite.go:419.83,421.4 1 0
github.com/kitsnail/ips/internal/repository/sqlite.go:422.3,422.32 1 0
github.com/kitsnail/ips/internal/repository/sqlite.go:424.2,424.27 1 0
github.com/kitsnail/ips/internal/repository/sqlite.go:427.77,430.2 2 0
github.com/kitsnail/ips/internal/repository/sqlite.go:432.99,440.16 5 0
github.com/kitsnail/ips/internal/repository/sqlite.go:440.16,442.3 1 0
github.com/kitsnail/ips/internal/repository/sqlite.go:443.2,445.12 3 0
github.com/kitsnail/ips/internal/repository/sqlite.go:448.101,453.26 3 0
github.com/kitsnail/ips/internal/repository/sqlite.go:453.26,455.3 1 0
github.com/kitsnail/ips/internal/repository/sqlite.go:456.2,456.21 1 0
github.com/kitsnail/ips/internal/repository/sqlite.go:459.110,464.26 3 0
github.com/kitsnail/ips/internal/repository/sqlite.go:464.26,466.3 1 0
github.com/kitsnail/ips/internal/repository/sqlite.go:467.2,467.21 1 0
github.com/kitsnail/ips/internal/repository/sqlite.go:470.112,475.26 3 0
github.com/kitsnail/ips/internal/repository/sqlite.go:475.26,477.3 1 0
github.com/kitsnail/ips/internal/repository/sqlite.go:478.2,478.21 1 0
github.com/kitsnail/ips/internal/repository/sqlite.go:481.119,483.104 2 0
github.com/kitsnail/ips/internal/repository/sqlite.go:483.104,485.3 1 0
github.com/kitsnail/ips/internal/repository/sqlite.go:487.2,490.16 2 0
github.com/kitsnail/ips/internal/repository/sqlite.go:490.16,492.3 1 0
github.com/kitsnail/ips/internal/repository/sqlite.go:493.2,496.18 3 0
github.com/kitsnail/ips/internal/repository/sqlite.go:496.18,498.135 2 0
github.com/kitsnail/ips/internal/repository/sqlite.go:498.135,500.4 1 0
github.com/kitsnail/ips/internal/repository/sqlite.go:501.3,501.37 1 0
github.com/kitsnail/ips/internal/repository/sqlite.go:503.2,503.28 1 0
github.com/kitsnail/ips/internal/repository/sqlite.go:506.99,509.27 2 0
github.com/kitsnail/ips/internal/repository/sqlite.go:509.27,514.3 2 0
github.com/kitsnail/ips/internal/repository/sqlite.go:516.2,519.12 2 0
github.com/kitsnail/ips/internal/repository/sqlite.go:522.78,525.2 2 0
github.com/kitsnail/ips/internal/repository/sqlite.go:529.103,540.2 4 0
github.com/kitsnail/ips/internal/repository/sqlite.go:542.108,554.26 6 0
github.com/kitsnail/ips/internal/repository/sqlite.go:554.26,556.3 1 0
github.com/kitsnail/ips/internal/repository/sqlite.go:557.2,557.16 1 0
github.com/kitsnail/ips/internal/repository/sqlite.go:557.16,559.3 1 0
github.com/kitsnail/ips/internal/repository/sqlite.go:561.2,562.19 2 0
github.com/kitsnail/ips/internal/repository/sqlite.go:565.125,568.16 3 0
github.com/kitsnail/ips/internal/repository/sqlite.go:568.16,570.3 1 0
github.com/kitsnail/ips/internal/repository/sqlite.go:572.2,577.16 3 0
github.com/kitsnail/ips/internal/repository/sqlite.go:577.16,579.3 1 0
github.com/kitsnail/ips/internal/repository/sqlite.go:580.2,583.18 3 0
github.com/kitsnail/ips/internal/repository/sqlite.go:583.18,589.17 4 0
github.com/kitsnail/ips/internal/repository/sqlite.go:589.17,591.4 1 0
github.com/kitsnail/ips/internal/repository/sqlite.go:593.3,594.31 2 0
github.com/kitsnail/ips/internal/repository/sqlite.go:596.2,596.26 1 0
github.com/kitsnail/ips/internal/repository/sqlite.go:599.108,605.16 3 0
github.com/kitsnail/ips/internal/repository/sqlite.go:605.16,607.3 1 0
github.com/kitsnail/ips/internal/repository/sqlite.go:608.2,611.18 3 0
github.com/kitsnail/ips/internal/repository/sqlite.go:611.18,617.17 4 0
github.com/kitsnail/ips/internal/repository/sqlite.go:617.17,619.4 1 0
github.com/kitsnail/ips/internal/repository/sqlite.go:621.3,622.31 2 0
github.com/kitsnail/ips/internal/repository/sqlite.go:624.2,624.19 1 0
github.com/kitsnail/ips/internal/repository/sqlite.go:627.103,638.2 5 0
github.com/kitsnail/ips/internal/repository/sqlite.go:640.86,643.2 2 0
github.com/kitsnail/ips/internal/repository/sqlite.go:647.109,656.16 3 0
github.com/kitsnail/ips/internal/repository/sqlite.go:656.16,658.3 1 0
github.com/kitsnail/ips/internal/repository/sqlite.go:659.2,661.12 3 0
github.com/kitsnail/ips/internal/repository/sqlite.go:664.108,675.26 5 0
github.com/kitsnail/ips/internal/repository/sqlite.go:675.26,677.3 1 0
github.com/kitsnail/ips/internal/repository/sqlite.go:678.2,678.24 1 0
github.com/kitsnail/ips/internal/repository/sqlite.go:681.150,684.27 3 0
github.com/kitsnail/ips/internal/repository/sqlite.go:684.27,686.3 1 0
github.com/kitsnail/ips/internal/repository/sqlite.go:686.8,688.3 1 0
github.com/kitsnail/ips/internal/repository/sqlite.go:689.2,689.16 1 0
github.com/kitsnail/ips/internal/repository/sqlite.go:689.16,691.3 1 0
github.com/kitsnail/ips/internal/repository/sqlite.go:693.2,697.27 3 0
github.com/kitsnail/ips/internal/repository/sqlite.go:697.27,700.3 2 0
github.com/kitsnail/ips/internal/repository/sqlite.go:701.2,705.16 4 0
github.com/kitsnail/ips/internal/repository/sqlite.go:705.16,707.3 1 0
github.com/kitsnail/ips/internal/repository/sqlite.go:708.2,711.18 3 0
github.com/kitsnail/ips/internal/repository/sqlite.go:711.18,716.17 3 0
github.com/kitsnail/ips/internal/repository/sqlite.go:716.17,718.4 1 0
github.com/kitsnail/ips/internal/repository/sqlite.go:719.3,719.46 1 0
github.com/kitsnail/ips/internal/repository/sqlite.go:721.2,721.31 1 0
github.com/kitsnail/ips/internal/repository/sqlite.go:724.133,730.27 4 0
github.com/kitsnail/ips/internal/repository/sqlite.go:730.27,733.3 2 0
github.com/kitsnail/ips/internal/repository/sqlite.go:735.2,736.16 2 0
github.com/kitsnail/ips/internal/repository/sqlite.go:736.16,738.3 1 0
github.com/kitsnail/ips/internal/repository/sqlite.go:739.2,742.18 3 0
github.com/kitsnail/ips/internal/repository/sqlite.go:742.18,747.17 3 0
github.com/kitsnail/ips/internal/repository/sqlite.go:747.17,749.4 1 0
github.com/kitsnail/ips/internal/repository/sqlite.go:750.3,750.46 1 0
github.com/kitsnail/ips/internal/repository/sqlite.go:752.2,752.24 1 0
github.com/kitsnail/ips/internal/repository/sqlite.go:755.109,760.2 3 0
github.com/kitsnail/ips/internal/repository/sqlite.go:762.102,764.16 2 0
github.com/kitsnail/ips/internal/repository/sqlite.go:764.16,766.3 1 0
github.com/kitsnail/ips/internal/repository/sqlite.go:767.2,768.18 2 0
github.com/kitsnail/ips/pkg/models/task.go:64.36,65.23 1 0
github.com/kitsnail/ips/pkg/models/task.go:65.23,67.3 1 0
github.com/kitsnail/ips/pkg/models/task.go:69.2,70.16 2 0
github.com/kitsnail/ips/pkg/models/task.go:70.16,73.3 2 0
github.com/kitsnail/ips/pkg/models/task.go:75.2,76.67 2 0
github.com/kitsnail/ips/pkg/models/utils.go:12.30,22.2 6 0
github.com/kitsnail/ips/internal/k8s/client.go:22.51,23.21 1 0
github.com/kitsnail/ips/internal/k8s/client.go:23.21,25.100 1 0
github.com/kitsnail/ips/internal/k8s/client.go:25.100,27.4 1 0
github.com/kitsnail/ips/internal/k8s/client.go:27.9,29.4 1 0
github.com/kitsnail/ips/internal/k8s/client.go:33.2,34.16 2 0
github.com/kitsnail/ips/internal/k8s/client.go:34.16,37.17 2 0
github.com/kitsnail/ips/internal/k8s/client.go:37.17,39.4 1 0
github.com/kitsnail/ips/internal/k8s/client.go:42.2,43.16 2 0
github.com/kitsnail/ips/internal/k8s/client.go:43.16,45.3 1 0
github.com/kitsnail/ips/internal/k8s/client.go:47.2,51.8 1 0
github.com/kitsnail/ips/internal/k8s/client.go:55.56,58.26 2 0
github.com/kitsnail/ips/internal/k8s/client.go:58.26,60.17 2 0
github.com/kitsnail/ips/internal/k8s/client.go:60.17,62.4 1 0
github.com/kitsnail/ips/internal/k8s/client.go:63.3,63.61 1 0
github.com/kitsnail/ips/internal/k8s/client.go:67.2,67.59 1 0
github.com/kitsnail/ips/internal/k8s/client.go:67.59,69.3 1 0
github.com/kitsnail/ips/internal/k8s/client.go:72.2,73.16 2 0
github.com/kitsnail/ips/internal/k8s/client.go:73.16,75.3 1 0
github.com/kitsnail/ips/internal/k8s/client.go:77.2,77.20 1 0
github.com/kitsnail/ips/internal/k8s/job_creator.go:24.96,25.23 1 0
github.com/kitsnail/ips/internal/k8s/job_creator.go:25.23,27.3 1 0
github.com/kitsnail/ips/internal/k8s/job_creator.go:28.2,28.23 1 0
github.com/kitsnail/ips/internal/k8s/job_creator.go:28.23,30.3 1 0
github.com/kitsnail/ips/internal/k8s/job_creator.go:31.2,31.25 1 0
github.com/kitsnail/ips/internal/k8s/job_creator.go:31.25,33.3 1 0
github.com/kitsnail/ips/internal/k8s/job_creator.go:35.2,40.3 1 0
github.com/kitsnail/ips/internal/k8s/job_creator.go:48.120,69.22 5 0
github.com/kitsnail/ips/internal/k8s/job_creator.go:69.22,81.3 1 0
github.com/kitsnail/ips/internal/k8s/job_creator.go:83.2,120.40 1 0
github.com/kitsnail/ips/internal/k8s/job_creator.go:120.40,120.53 1 0
github.com/kitsnail/ips/internal/k8s/job_creator.go:121.42,121.55 1 0
github.com/kitsnail/ips/internal/k8s/job_creator.go:122.42,122.55 1 0
github.com/kitsnail/ips/internal/k8s/job_creator.go:150.2,151.16 2 0
github.com/kitsnail/ips/internal/k8s/job_creator.go:151.16,153.3 1 0
github.com/kitsnail/ips/internal/k8s/job_creator.go:155.2,155.12 1 0
github.com/kitsnail/ips/internal/k8s/job_creator.go:159.75,166.16 3 0
github.com/kitsnail/ips/internal/k8s/job_creator.go:166.16,168.3 1 0
github.com/kitsnail/ips/internal/k8s/job_creator.go:170.2,170.12 1 0
github.com/kitsnail/ips/internal/k8s/job_creator.go:178.112,200.16 5 0
github.com/kitsnail/ips/internal/k8s/job_creator.go:200.16,202.3 1 0
github.com/kitsnail/ips/internal/k8s/job_creator.go:204.2,204.24 1 0
github.com/kitsnail/ips/internal/k8s/job_creator.go:212.117,230.16 6 0
github.com/kitsnail/ips/internal/k8s/job_creator.go:230.16,232.3 1 0
github.com/kitsnail/ips/internal/k8s/job_creator.go:237.2,253.16 3 0
github.com/kitsnail/ips/internal/k8s/job_creator.go:253.16,255.3 1 0
github.com/kitsnail/ips/internal/k8s/job_creator.go:257.2,257.24 1 0
github.com/kitsnail/ips/internal/k8s/job_creator.go:262.81,269.16 3 0
github.com/kitsnail/ips/internal/k8s/job_creator.go:269.16,271.3 1 0
github.com/kitsnail/ips/internal/k8s/job_creator.go:273.2,273.12 1 0
github.com/kitsnail/ips/internal/k8s/job_creator.go:277.98,282.16 2 0
github.com/kitsnail/ips/internal/k8s/job_creator.go:282.16,284.3 1 0
github.com/kitsnail/ips/internal/k8s/job_creator.go:286.2,286.27 1 0
github.com/kitsnail/ips/internal/k8s/job_creator.go:290.45,292.2 1 0
github.com/kitsnail/ips/internal/k8s/node.go:13.71,15.16 2 1
github.com/kitsnail/ips/internal/k8s/node.go:15.16,17.3 1 0
github.com/kitsnail/ips/internal/k8s/node.go:19.2,19.28 1 1
github.com/kitsnail/ips/internal/k8s/node.go:23.109,30.16 3 1
github.com/kitsnail/ips/internal/k8s/node.go:30.16,32.3 1 0
github.com/kitsnail/ips/internal/k8s/node.go:34.2,34.28 1 1
github.com/kitsnail/ips/internal/k8s/node.go:38.42,39.51 1 3
github.com/kitsnail/ips/internal/k8s/node.go:39.51,40.41 1 3
github.com/kitsnail/ips/internal/k8s/node.go:40.41,42.4 1 3
github.com/kitsnail/ips/internal/k8s/node.go:44.2,44.14 1 0
github.com/kitsnail/ips/internal/k8s/node.go:48.48,51.2 1 3
github.com/kitsnail/ips/internal/k8s/node.go:54.53,57.29 2 2
github.com/kitsnail/ips/internal/k8s/node.go:57.29,58.53 1 3
github.com/kitsnail/ips/internal/k8s/node.go:58.53,60.4 1 3
github.com/kitsnail/ips/internal/k8s/node.go:63.2,63.19 1 2
github.com/kitsnail/ips/internal/service/auth_service.go:24.117,31.2 1 0
github.com/kitsnail/ips/internal/service/auth_service.go:34.108,36.16 2 0
github.com/kitsnail/ips/internal/service/auth_service.go:36.16,38.3 1 0
github.com/kitsnail/ips/internal/service/auth_service.go:39.2,39.17 1 0
github.com/kitsnail/ips/internal/service/auth_service.go:39.17,41.3 1 0
github.com/kitsnail/ips/internal/service/auth_service.go:43.2,43.95 1 0
github.com/kitsnail/ips/internal/service/auth_service.go:43.95,45.3 1 0
github.com/kitsnail/ips/internal/service/auth_service.go:47.2,48.16 2 0
github.com/kitsnail/ips/internal/service/auth_service.go:48.16,50.3 1 0
github.com/kitsnail/ips/internal/service/auth_service.go:52.2,55.8 1 0
github.com/kitsnail/ips/internal/service/auth_service.go:58.70,69.2 3 0
github.com/kitsnail/ips/internal/service/auth_service.go:72.97,75.16 2 0
github.com/kitsnail/ips/internal/service/auth_service.go:75.16,77.3 1 0
github.com/kitsnail/ips/internal/service/auth_service.go:80.2,81.16 2 0
github.com/kitsnail/ips/internal/service/auth_service.go:81.16,83.3 1 0
github.com/kitsnail/ips/internal/service/auth_service.go:86.2,87.16 2 0
github.com/kitsnail/ips/internal/service/auth_service.go:87.16,89.3 1 0
github.com/kitsnail/ips/internal/service/auth_service.go:91.2,91.41 1 0
github.com/kitsnail/ips/internal/service/auth_service.go:94.74,95.80 1 0
github.com/kitsnail/ips/internal/service/auth_service.go:95.80,96.58 1 0
github.com/kitsnail/ips/internal/service/auth_service.go:96.58,98.4 1 0
github.com/kitsnail/ips/internal/service/auth_service.go:99.3,99.26 1 0
github.com/kitsnail/ips/internal/service/auth_service.go:102.2,102.32 1 0
github.com/kitsnail/ips/internal/service/auth_service.go:102.32,104.3 1 0
github.com/kitsnail/ips/internal/service/auth_service.go:106.2,107.9 2 0
github.com/kitsnail/ips/internal/service/auth_service.go:107.9,109.3 1 0
github.com/kitsnail/ips/internal/service/auth_service.go:112.2,120.8 4 0
github.com/kitsnail/ips/internal/service/auth_service.go:123.103,125.16 2 0
github.com/kitsnail/ips/internal/service/auth_service.go:125.16,127.3 1 0
github.com/kitsnail/ips/internal/service/auth_service.go:129.2,129.66 1 0
github.com/kitsnail/ips/internal/service/auth_service.go:129.66,131.3 1 0
github.com/kitsnail/ips/internal/service/auth_service.go:133.2,133.46 1 0
github.com/kitsnail/ips/internal/service/auth_service.go:136.100,137.24 1 0
github.com/kitsnail/ips/internal/service/auth_service.go:137.24,139.3 1 0
github.com/kitsnail/ips/internal/service/auth_service.go:141.2,148.16 3 0
github.com/kitsnail/ips/internal/service/auth_service.go:148.16,150.3 1 0
github.com/kitsnail/ips/internal/service/auth_service.go:152.2,152.34 1 0
github.com/kitsnail/ips/internal/service/auth_service.go:152.34,154.3 1 0
github.com/kitsnail/ips/internal/service/auth_service.go:157.2,160.8 1 0
github.com/kitsnail/ips/internal/service/batch_scheduler.go:20.91,25.2 1 0
github.com/kitsnail/ips/internal/service/batch_scheduler.go:42.9,54.32 3 0
github.com/kitsnail/ips/internal/service/batch_scheduler.go:54.32,81.29 8 0
github.com/kitsnail/ips/internal/service/batch_scheduler.go:81.29,83.4 1 0
github.com/kitsnail/ips/internal/service/batch_scheduler.go:86.3,86.10 1 0
github.com/kitsnail/ips/internal/service/batch_scheduler.go:87.21,89.20 2 0
github.com/kitsnail/ips/internal/service/batch_scheduler.go:90.11,90.11 0 0
github.com/kitsnail/ips/internal/service/batch_scheduler.go:95.2,95.12 1 0
github.com/kitsnail/ips/internal/service/batch_scheduler.go:99.151,101.33 1 0
github.com/kitsnail/ips/internal/service/batch_scheduler.go:101.33,103.17 2 0
github.com/kitsnail/ips/internal/service/batch_scheduler.go:103.17,111.4 3 0
github.com/kitsnail/ips/internal/service/batch_scheduler.go:111.9,114.4 2 0
github.com/kitsnail/ips/internal/service/batch_scheduler.go:118.2,118.21 1 0
github.com/kitsnail/ips/internal/service/batch_scheduler.go:118.21,120.3 1 0
github.com/kitsnail/ips/internal/service/batch_scheduler.go:122.2,122.26 1 0
github.com/kitsnail/ips/internal/service/batch_scheduler.go:126.81,127.20 1 4
github.com/kitsnail/ips/internal/service/batch_scheduler.go:127.20,129.3 1 0
github.com/kitsnail/ips/internal/service/batch_scheduler.go:131.2,133.45 2 4
github.com/kitsnail/ips/internal/service/batch_scheduler.go:133.45,135.23 2 8
github.com/kitsnail/ips/internal/service/batch_scheduler.go:135.23,137.4 1 2
github.com/kitsnail/ips/internal/service/batch_scheduler.go:138.3,138.42 1 8
github.com/kitsnail/ips/internal/service/batch_scheduler.go:141.2,141.16 1 4
github.com/kitsnail/ips/internal/service/batch_scheduler.go:145.100,146.20 1 4
github.com/kitsnail/ips/internal/service/batch_scheduler.go:146.20,148.3 1 1
github.com/kitsnail/ips/internal/service/batch_scheduler.go:150.2,150.21 1 3
github.com/kitsnail/ips/internal/service/batch_scheduler.go:150.21,152.3 1 1
github.com/kitsnail/ips/internal/service/batch_scheduler.go:154.2,155.26 2 2
github.com/kitsnail/ips/internal/service/node_filter.go:16.55,20.2 1 2
github.com/kitsnail/ips/internal/service/node_filter.go:24.101,29.23 3 2
github.com/kitsnail/ips/internal/service/node_filter.go:29.23,31.17 2 1
github.com/kitsnail/ips/internal/service/node_filter.go:31.17,33.4 1 0
github.com/kitsnail/ips/internal/service/node_filter.go:35.3,35.41 1 1
github.com/kitsnail/ips/internal/service/node_filter.go:36.8,39.17 2 1
github.com/kitsnail/ips/internal/service/node_filter.go:39.17,41.4 1 0
github.com/kitsnail/ips/internal/service/node_filter.go:43.3,43.41 1 1
github.com/kitsnail/ips/internal/service/node_filter.go:46.2,46.21 1 2
github.com/kitsnail/ips/internal/service/node_filter.go:46.21,48.3 1 0
github.com/kitsnail/ips/internal/service/node_filter.go:50.2,50.19 1 2
github.com/kitsnail/ips/internal/service/priority_queue.go:24.40,30.2 3 5
github.com/kitsnail/ips/internal/service/priority_queue.go:33.36,35.2 1 36
github.com/kitsnail/ips/internal/service/priority_queue.go:39.46,41.60 1 7
github.com/kitsnail/ips/internal/service/priority_queue.go:41.60,43.3 1 4
github.com/kitsnail/ips/internal/service/priority_queue.go:45.2,45.70 1 3
github.com/kitsnail/ips/internal/service/priority_queue.go:49.41,53.2 3 11
github.com/kitsnail/ips/internal/service/priority_queue.go:56.46,61.2 4 9
github.com/kitsnail/ips/internal/service/priority_queue.go:64.44,72.2 7 7
github.com/kitsnail/ips/internal/service/priority_queue.go:75.53,83.2 4 9
github.com/kitsnail/ips/internal/service/priority_queue.go:86.49,90.19 3 8
github.com/kitsnail/ips/internal/service/priority_queue.go:90.19,92.3 1 1
github.com/kitsnail/ips/internal/service/priority_queue.go:94.2,95.18 2 7
github.com/kitsnail/ips/internal/service/priority_queue.go:99.46,103.19 3 1
github.com/kitsnail/ips/internal/service/priority_queue.go:103.19,105.3 1 0
github.com/kitsnail/ips/internal/service/priority_queue.go:107.2,107.25 1 1
github.com/kitsnail/ips/internal/service/priority_queue.go:111.41,116.2 3 4
github.com/kitsnail/ips/internal/service/priority_queue.go:119.37,124.2 3 2
github.com/kitsnail/ips/internal/service/retry_strategy.go:23.73,27.2 1 0
github.com/kitsnail/ips/internal/service/retry_strategy.go:30.91,32.2 1 0
github.com/kitsnail/ips/internal/service/retry_strategy.go:41.83,45.2 1 0
github.com/kitsnail/ips/internal/service/retry_strategy.go:49.96,50.21 1 0
github.com/kitsnail/ips/internal/service/retry_strategy.go:50.21,52.3 1 0
github.com/kitsnail/ips/internal/service/retry_strategy.go:55.2,60.22 4 0
github.com/kitsnail/ips/internal/service/retry_strategy.go:60.22,62.3 1 0
github.com/kitsnail/ips/internal/service/retry_strategy.go:64.2,64.43 1 0
github.com/kitsnail/ips/internal/service/retry_strategy.go:68.81,69.22 1 0
github.com/kitsnail/ips/internal/service/retry_strategy.go:70.21,71.45 1 0
github.com/kitsnail/ips/internal/service/retry_strategy.go:72.16,73.14 1 0
github.com/kitsnail/ips/internal/service/retry_strategy.go:74.10,75.40 1 0
github.com/kitsnail/ips/internal/service/scheduled_task_manager.go:39.25,49.2 1 0
github.com/kitsnail/ips/internal/service/scheduled_task_manager.go:51.46,55.28 3 0
github.com/kitsnail/ips/internal/service/scheduled_task_manager.go:55.28,57.17 2 0
github.com/kitsnail/ips/internal/service/scheduled_task_manager.go:57.17,59.4 1 0
github.com/kitsnail/ips/internal/service/scheduled_task_manager.go:61.3,61.30 1 0
github.com/kitsnail/ips/internal/service/scheduled_task_manager.go:61.30,62.53 1 0
github.com/kitsnail/ips/internal/service/scheduled_task_manager.go:62.53,68.13 2 0
github.com/kitsnail/ips/internal/service/scheduled_task_manager.go:72.3,73.87 2 0
github.com/kitsnail/ips/internal/service/scheduled_task_manager.go:76.2,76.12 1 0
github.com/kitsnail/ips/internal/service/scheduled_task_manager.go:79.39,83.28 3 0
github.com/kitsnail/ips/internal/service/scheduled_task_manager.go:83.28,87.3 3 0
github.com/kitsnail/ips/internal/service/scheduled_task_manager.go:89.2,89.21 1 0
github.com/kitsnail/ips/internal/service/scheduled_task_manager.go:89.21,91.3 1 0
github.com/kitsnail/ips/internal/service/scheduled_task_manager.go:94.74,98.19 3 0
github.com/kitsnail/ips/internal/service/scheduled_task_manager.go:98.19,100.3 1 0
github.com/kitsnail/ips/internal/service/scheduled_task_manager.go:102.2,102.35 1 0
github.com/kitsnail/ips/internal/service/scheduled_task_manager.go:105.85,106.49 1 0
github.com/kitsnail/ips/internal/service/scheduled_task_manager.go:106.49,108.3 1 0
github.com/kitsnail/ips/internal/service/scheduled_task_manager.go:110.2,110.64 1 0
github.com/kitsnail/ips/internal/service/scheduled_task_manager.go:110.64,112.3 1 0
github.com/kitsnail/ips/internal/service/scheduled_task_manager.go:113.2,113.16 1 0
github.com/kitsnail/ips/internal/service/scheduled_task_manager.go:113.16,115.3 1 0
github.com/kitsnail/ips/internal/service/scheduled_task_manager.go:117.2,122.92 4 0
github.com/kitsnail/ips/internal/service/scheduled_task_manager.go:122.92,128.3 1 0
github.com/kitsnail/ips/internal/service/scheduled_task_manager.go:130.2,136.12 2 0
github.com/kitsnail/ips/internal/service/scheduled_task_manager.go:139.64,144.13 4 0
github.com/kitsnail/ips/internal/service/scheduled_task_manager.go:144.13,146.3 1 0
github.com/kitsnail/ips/internal/service/scheduled_task_manager.go:148.2,152.12 4 0
github.com/kitsnail/ips/internal/service/scheduled_task_manager.go:155.116,157.2 1 0
github.com/kitsnail/ips/internal/service/scheduled_task_manager.go:159.129,161.2 1 0
github.com/kitsnail/ips/internal/service/scheduled_task_manager.go:163.94,165.2 1 0
github.com/kitsnail/ips/internal/service/scheduled_task_manager.go:167.64,169.16 2 0
github.com/kitsnail/ips/internal/service/scheduled_task_manager.go:169.16,171.3 1 0
github.com/kitsnail/ips/internal/service/scheduled_task_manager.go:173.2,176.92 3 0
github.com/kitsnail/ips/internal/service/scheduled_task_manager.go:176.92,178.3 1 0
github.com/kitsnail/ips/internal/service/scheduled_task_manager.go:180.2,180.24 1 0
github.com/kitsnail/ips/internal/service/scheduled_task_manager.go:183.65,185.16 2 0
github.com/kitsnail/ips/internal/service/scheduled_task_manager.go:185.16,187.3 1 0
github.com/kitsnail/ips/internal/service/scheduled_task_manager.go:189.2,192.92 3 0
github.com/kitsnail/ips/internal/service/scheduled_task_manager.go:192.92,194.3 1 0
github.com/kitsnail/ips/internal/service/scheduled_task_manager.go:196.2,196.29 1 0
github.com/kitsnail/ips/internal/service/scheduled_task_manager.go:199.75,201.16 2 0
github.com/kitsnail/ips/internal/service/scheduled_task_manager.go:201.16,203.3 1 0
github.com/kitsnail/ips/internal/service/scheduled_task_manager.go:205.2,206.16 2 0
github.com/kitsnail/ips/internal/service/scheduled_task_manager.go:206.16,208.3 1 0
github.com/kitsnail/ips/internal/service/scheduled_task_manager.go:210.2,210.26 1 0
github.com/kitsnail/ips/internal/service/scheduled_task_manager.go:213.83,215.16 2 0
github.com/kitsnail/ips/internal/service/scheduled_task_manager.go:215.16,221.3 2 0
github.com/kitsnail/ips/internal/service/scheduled_task_manager.go:223.2,227.38 4 0
github.com/kitsnail/ips/internal/service/scheduled_task_manager.go:227.38,229.3 1 0
github.com/kitsnail/ips/internal/service/scheduled_task_manager.go:230.2,230.14 1 0
github.com/kitsnail/ips/internal/service/scheduled_task_manager.go:233.154,235.2 1 0
github.com/kitsnail/ips/internal/service/scheduled_task_manager.go:237.112,239.2 1 0
github.com/kitsnail/ips/internal/service/scheduled_task_manager.go:241.84,243.16 2 0
github.com/kitsnail/ips/internal/service/scheduled_task_manager.go:243.16,245.3 1 0
github.com/kitsnail/ips/internal/service/scheduled_task_manager.go:247.2,247.19 1 0
github.com/kitsnail/ips/internal/service/scheduled_task_manager.go:247.19,249.3 1 0
github.com/kitsnail/ips/internal/service/scheduled_task_manager.go:251.2,260.52 3 0
github.com/kitsnail/ips/internal/service/scheduled_task_manager.go:260.52,261.47 1 0
github.com/kitsnail/ips/internal/service/scheduled_task_manager.go:261.47,267.91 5 0
github.com/kitsnail/ips/internal/service/scheduled_task_manager.go:267.91,272.5 1 0
github.com/kitsnail/ips/internal/service/scheduled_task_manager.go:274.4,275.80 2 0
github.com/kitsnail/ips/internal/service/scheduled_task_manager.go:279.2,284.29 5 0
github.com/kitsnail/ips/internal/service/scheduled_task_manager.go:284.29,286.3 1 0
github.com/kitsnail/ips/internal/service/scheduled_task_manager.go:288.2,301.16 3 0
github.com/kitsnail/ips/internal/service/scheduled_task_manager.go:301.16,315.3 10 0
github.com/kitsnail/ips/internal/service/scheduled_task_manager.go:317.2,319.89 2 0
github.com/kitsnail/ips/internal/service/scheduled_task_manager.go:319.89,325.3 1 0
github.com/kitsnail/ips/internal/service/scheduled_task_manager.go:327.2,330.92 3 0
github.com/kitsnail/ips/internal/service/scheduled_task_manager.go:330.92,335.3 1 0
github.com/kitsnail/ips/internal/service/scheduled_task_manager.go:337.2,343.27 2 0
github.com/kitsnail/ips/internal/service/scheduled_task_manager.go:346.139,348.24 2 0
github.com/kitsnail/ips/internal/service/scheduled_task_manager.go:348.24,352.3 3 0
github.com/kitsnail/ips/internal/service/scheduled_task_manager.go:354.2,354.6 1 0
github.com/kitsnail/ips/internal/service/scheduled_task_manager.go:354.6,355.10 1 0
github.com/kitsnail/ips/internal/service/scheduled_task_manager.go:356.21,357.76 1 0
github.com/kitsnail/ips/internal/service/scheduled_task_manager.go:357.76,372.5 8 0
github.com/kitsnail/ips/internal/service/scheduled_task_manager.go:374.4,377.10 4 0
github.com/kitsnail/ips/internal/service/scheduled_task_manager.go:378.38,380.18 2 0
github.com/kitsnail/ips/internal/service/scheduled_task_manager.go:380.18,385.13 2 0
github.com/kitsnail/ips/internal/service/scheduled_task_manager.go:388.4,388.118 1 0
github.com/kitsnail/ips/internal/service/scheduled_task_manager.go:388.118,393.44 4 0
github.com/kitsnail/ips/internal/service/scheduled_task_manager.go:393.44,395.6 1 0
github.com/kitsnail/ips/internal/service/scheduled_task_manager.go:395.11,395.48 1 0
github.com/kitsnail/ips/internal/service/scheduled_task_manager.go:395.48,397.33 2 0
github.com/kitsnail/ips/internal/service/scheduled_task_manager.go:397.33,399.7 1 0
github.com/kitsnail/ips/internal/service/scheduled_task_manager.go:400.11,403.6 2 0
github.com/kitsnail/ips/internal/service/scheduled_task_manager.go:405.5,417.11 6 0
github.com/kitsnail/ips/internal/service/status_tracker.go:27.121,33.2 1 0
github.com/kitsnail/ips/internal/service/status_tracker.go:37.77,42.44 3 0
github.com/kitsnail/ips/internal/service/status_tracker.go:42.44,45.3 2 0
github.com/kitsnail/ips/internal/service/status_tracker.go:48.2,49.16 2 0
github.com/kitsnail/ips/internal/service/status_tracker.go:49.16,56.3 2 0
github.com/kitsnail/ips/internal/service/status_tracker.go:58.2,58.12 1 0
github.com/kitsnail/ips/internal/service/status_tracker.go:62.86,71.16 3 0
github.com/kitsnail/ips/internal/service/status_tracker.go:71.16,73.3 1 0
github.com/kitsnail/ips/internal/service/status_tracker.go:74.2,83.6 5 0
github.com/kitsnail/ips/internal/service/status_tracker.go:83.6,84.10 1 0
github.com/kitsnail/ips/internal/service/status_tracker.go:85.51,86.11 1 0
github.com/kitsnail/ips/internal/service/status_tracker.go:86.11,88.5 1 0
github.com/kitsnail/ips/internal/service/status_tracker.go:91.4,91.96 1 0
github.com/kitsnail/ips/internal/service/status_tracker.go:91.96,99.19 3 0
github.com/kitsnail/ips/internal/service/status_tracker.go:99.19,104.14 2 0
github.com/kitsnail/ips/internal/service/status_tracker.go:108.5,108.31 1 0
github.com/kitsnail/ips/internal/service/status_tracker.go:108.31,114.6 2 0
github.com/kitsnail/ips/internal/service/status_tracker.go:117.5,117.57 1 0
github.com/kitsnail/ips/internal/service/status_tracker.go:117.57,122.6 1 0
github.com/kitsnail/ips/internal/service/status_tracker.go:125.5,126.46 2 0
github.com/kitsnail/ips/internal/service/status_tracker.go:126.46,132.6 2 0
github.com/kitsnail/ips/internal/service/status_tracker.go:135.25,138.18 2 0
github.com/kitsnail/ips/internal/service/status_tracker.go:138.18,143.13 2 0
github.com/kitsnail/ips/internal/service/status_tracker.go:147.4,147.30 1 0
github.com/kitsnail/ips/internal/service/status_tracker.go:147.30,153.5 2 0
github.com/kitsnail/ips/internal/service/status_tracker.go:156.4,156.56 1 0
github.com/kitsnail/ips/internal/service/status_tracker.go:156.56,161.5 1 0
github.com/kitsnail/ips/internal/service/status_tracker.go:163.21,165.20 2 0
github.com/kitsnail/ips/internal/service/status_tracker.go:171.88,177.6 4 0
github.com/kitsnail/ips/internal/service/status_tracker.go:177.6,178.10 1 0
github.com/kitsnail/ips/internal/service/status_tracker.go:179.19,182.18 2 0
github.com/kitsnail/ips/internal/service/status_tracker.go:182.18,187.13 2 0
github.com/kitsnail/ips/internal/service/status_tracker.go:191.4,191.30 1 0
github.com/kitsnail/ips/internal/service/status_tracker.go:191.30,197.5 2 0
github.com/kitsnail/ips/internal/service/status_tracker.go:200.4,201.18 2 0
github.com/kitsnail/ips/internal/service/status_tracker.go:201.18,206.5 1 0
github.com/kitsnail/ips/internal/service/status_tracker.go:208.21,210.20 2 0
github.com/kitsnail/ips/internal/service/status_tracker.go:216.64,220.2 1 0
github.com/kitsnail/ips/internal/service/status_tracker.go:223.88,226.16 2 0
github.com/kitsnail/ips/internal/service/status_tracker.go:226.16,228.3 1 0
github.com/kitsnail/ips/internal/service/status_tracker.go:230.2,230.20 1 0
github.com/kitsnail/ips/internal/service/status_tracker.go:230.20,232.3 1 0
github.com/kitsnail/ips/internal/service/status_tracker.go:235.2,235.30 1 0
github.com/kitsnail/ips/internal/service/status_tracker.go:235.30,237.3 1 0
github.com/kitsnail/ips/internal/service/status_tracker.go:238.2,238.26 1 0
github.com/kitsnail/ips/internal/service/status_tracker.go:238.26,240.3 1 0
github.com/kitsnail/ips/internal/service/status_tracker.go:242.2,245.27 3 0
github.com/kitsnail/ips/internal/service/status_tracker.go:245.27,252.18 4 0
github.com/kitsnail/ips/internal/service/status_tracker.go:252.18,255.63 2 0
github.com/kitsnail/ips/internal/service/status_tracker.go:255.63,257.5 1 0
github.com/kitsnail/ips/internal/service/status_tracker.go:258.9,258.22 1 0
github.com/kitsnail/ips/internal/service/status_tracker.go:258.22,260.63 2 0
github.com/kitsnail/ips/internal/service/status_tracker.go:260.63,263.5 2 0
github.com/kitsnail/ips/internal/service/status_tracker.go:264.4,269.6 1 0
github.com/kitsnail/ips/internal/service/status_tracker.go:270.9,272.4 1 0
github.com/kitsnail/ips/internal/service/status_tracker.go:276.2,282.84 5 0
github.com/kitsnail/ips/internal/service/status_tracker.go:282.84,286.25 4 0
github.com/kitsnail/ips/internal/service/status_tracker.go:286.25,288.4 1 0
github.com/kitsnail/ips/internal/service/status_tracker.go:288.9,290.4 1 0
github.com/kitsnail/ips/internal/service/status_tracker.go:293.3,302.36 6 0
github.com/kitsnail/ips/internal/service/status_tracker.go:303.8,303.61 1 0
github.com/kitsnail/ips/internal/service/status_tracker.go:303.61,307.3 3 0
github.com/kitsnail/ips/internal/service/status_tracker.go:309.2,309.37 1 0
github.com/kitsnail/ips/internal/service/status_tracker.go:313.116,317.43 2 0
github.com/kitsnail/ips/internal/service/status_tracker.go:317.43,319.3 1 0
github.com/kitsnail/ips/internal/service/status_tracker.go:321.2,322.50 2 0
github.com/kitsnail/ips/internal/service/status_tracker.go:322.50,323.93 1 0
github.com/kitsnail/ips/internal/service/status_tracker.go:323.93,325.88 2 0
github.com/kitsnail/ips/internal/service/status_tracker.go:325.88,330.38 3 0
github.com/kitsnail/ips/internal/service/status_tracker.go:330.38,331.21 1 0
github.com/kitsnail/ips/internal/service/status_tracker.go:331.21,335.7 2 0
github.com/kitsnail/ips/internal/service/status_tracker.go:335.12,339.7 2 0
github.com/kitsnail/ips/internal/service/status_tracker.go:342.4,342.10 1 0
github.com/kitsnail/ips/internal/service/status_tracker.go:348.52,349.36 1 0
github.com/kitsnail/ips/internal/service/status_tracker.go:349.36,352.3 2 0
github.com/kitsnail/ips/internal/service/status_tracker.go:353.2,353.46 1 0
github.com/kitsnail/ips/internal/service/task_manager.go:16.24,17.11 1 0
github.com/kitsnail/ips/internal/service/task_manager.go:17.11,19.3 1 0
github.com/kitsnail/ips/internal/service/task_manager.go:20.2,20.10 1 0
github.com/kitsnail/ips/internal/service/task_manager.go:47.16,68.2 2 0
github.com/kitsnail/ips/internal/service/task_manager.go:71.108,73.26 1 0
github.com/kitsnail/ips/internal/service/task_manager.go:73.26,75.3 1 0
github.com/kitsnail/ips/internal/service/task_manager.go:78.2,82.19 3 0
github.com/kitsnail/ips/internal/service/task_manager.go:82.19,84.3 1 0
github.com/kitsnail/ips/internal/service/task_manager.go:87.2,88.25 2 0
github.com/kitsnail/ips/internal/service/task_manager.go:88.25,90.3 1 0
github.com/kitsnail/ips/internal/service/task_manager.go:92.2,93.21 2 0
github.com/kitsnail/ips/internal/service/task_manager.go:93.21,95.3 1 0
github.com/kitsnail/ips/internal/service/task_manager.go:98.2,119.16 3 0
github.com/kitsnail/ips/internal/service/task_manager.go:119.16,121.3 1 0
github.com/kitsnail/ips/internal/service/task_manager.go:124.2,137.12 4 0
github.com/kitsnail/ips/internal/service/task_manager.go:137.12,149.69 6 0
github.com/kitsnail/ips/internal/service/task_manager.go:149.69,153.18 4 0
github.com/kitsnail/ips/internal/service/task_manager.go:153.18,161.5 3 0
github.com/kitsnail/ips/internal/service/task_manager.go:162.4,168.98 3 0
github.com/kitsnail/ips/internal/service/task_manager.go:169.9,169.30 1 0
github.com/kitsnail/ips/internal/service/task_manager.go:169.30,171.18 2 0
github.com/kitsnail/ips/internal/service/task_manager.go:171.18,178.5 3 0
github.com/kitsnail/ips/internal/service/task_manager.go:180.4,191.18 5 0
github.com/kitsnail/ips/internal/service/task_manager.go:191.18,200.5 3 0
github.com/kitsnail/ips/internal/service/task_manager.go:201.4,208.102 3 0
github.com/kitsnail/ips/internal/service/task_manager.go:212.3,212.23 1 0
github.com/kitsnail/ips/internal/service/task_manager.go:212.23,213.17 1 0
github.com/kitsnail/ips/internal/service/task_manager.go:213.17,214.102 1 0
github.com/kitsnail/ips/internal/service/task_manager.go:214.102,220.6 1 0
github.com/kitsnail/ips/internal/service/task_manager.go:220.11,225.6 1 0
github.com/kitsnail/ips/internal/service/task_manager.go:231.3,231.58 1 0
github.com/kitsnail/ips/internal/service/task_manager.go:231.58,237.4 2 0
github.com/kitsnail/ips/internal/service/task_manager.go:238.3,246.23 3 0
github.com/kitsnail/ips/internal/service/task_manager.go:246.23,248.4 1 0
github.com/kitsnail/ips/internal/service/task_manager.go:250.3,250.50 1 0
github.com/kitsnail/ips/internal/service/task_manager.go:250.50,255.4 1 0
github.com/kitsnail/ips/internal/service/task_manager.go:258.2,258.18 1 0
github.com/kitsnail/ips/internal/service/task_manager.go:262.81,270.16 4 0
github.com/kitsnail/ips/internal/service/task_manager.go:270.16,272.3 1 0
github.com/kitsnail/ips/internal/service/task_manager.go:274.2,274.21 1 0
github.com/kitsnail/ips/internal/service/task_manager.go:274.21,276.3 1 0
github.com/kitsnail/ips/internal/service/task_manager.go:278.2,285.16 3 0
github.com/kitsnail/ips/internal/service/task_manager.go:285.16,287.3 1 0
github.com/kitsnail/ips/internal/service/task_manager.go:289.2,299.22 2 0
github.com/kitsnail/ips/internal/service/task_manager.go:299.22,301.3 1 0
github.com/kitsnail/ips/internal/service/task_manager.go:303.2,307.53 4 0
github.com/kitsnail/ips/internal/service/task_manager.go:307.53,309.3 1 0
github.com/kitsnail/ips/internal/service/task_manager.go:312.2,322.41 2 0
github.com/kitsnail/ips/internal/service/task_manager.go:322.41,332.4 3 0
github.com/kitsnail/ips/internal/service/task_manager.go:335.2,335.16 1 0
github.com/kitsnail/ips/internal/service/task_manager.go:335.16,337.3 1 0
github.com/kitsnail/ips/internal/service/task_manager.go:340.2,341.16 2 0
github.com/kitsnail/ips/internal/service/task_manager.go:341.16,343.3 1 0
github.com/kitsnail/ips/internal/service/task_manager.go:345.2,346.12 2 0
github.com/kitsnail/ips/internal/service/task_manager.go:350.116,353.22 1 0
github.com/kitsnail/ips/internal/service/task_manager.go:353.22,359.3 2 0
github.com/kitsnail/ips/internal/service/task_manager.go:362.2,362.39 1 0
github.com/kitsnail/ips/internal/service/task_manager.go:362.39,382.66 7 0
github.com/kitsnail/ips/internal/service/task_manager.go:382.66,387.4 1 0
github.com/kitsnail/ips/internal/service/task_manager.go:390.3,390.13 1 0
github.com/kitsnail/ips/internal/service/task_manager.go:390.13,400.21 4 0
github.com/kitsnail/ips/internal/service/task_manager.go:400.21,406.5 2 0
github.com/kitsnail/ips/internal/service/task_manager.go:409.4,409.49 1 0
github.com/kitsnail/ips/internal/service/task_manager.go:409.49,412.5 2 0
github.com/kitsnail/ips/internal/service/task_manager.go:415.4,419.65 4 0
github.com/kitsnail/ips/internal/service/task_manager.go:419.65,424.5 1 0
github.com/kitsnail/ips/internal/service/task_manager.go:427.3,427.13 1 0
github.com/kitsnail/ips/internal/service/task_manager.go:431.2,441.65 5 0
github.com/kitsnail/ips/internal/service/task_manager.go:441.65,446.3 1 0
github.com/kitsnail/ips/internal/service/task_manager.go:449.2,455.84 5 0
github.com/kitsnail/ips/internal/service/task_manager.go:455.84,460.3 1 0
github.com/kitsnail/ips/internal/service/task_manager.go:462.2,462.12 1 0
github.com/kitsnail/ips/internal/service/task_manager.go:466.85,468.2 1 0
github.com/kitsnail/ips/internal/service/task_manager.go:471.102,473.16 2 0
github.com/kitsnail/ips/internal/service/task_manager.go:473.16,475.3 1 0
github.com/kitsnail/ips/internal/service/task_manager.go:476.2,476.26 1 0
github.com/kitsnail/ips/internal/service/task_manager.go:482.82,485.16 2 0
github.com/kitsnail/ips/internal/service/task_manager.go:485.16,487.3 1 0
github.com/kitsnail/ips/internal/service/task_manager.go:491.2,491.116 1 0
github.com/kitsnail/ips/internal/service/task_manager.go:491.116,492.52 1 0
github.com/kitsnail/ips/internal/service/task_manager.go:492.52,494.4 1 0
github.com/kitsnail/ips/internal/service/task_manager.go:495.3,496.24 2 0
github.com/kitsnail/ips/internal/service/task_manager.go:501.2,501.51 1 0
github.com/kitsnail/ips/internal/service/task_manager.go:501.51,502.56 1 0
github.com/kitsnail/ips/internal/service/task_manager.go:502.56,504.4 1 0
github.com/kitsnail/ips/internal/service/task_manager.go:508.2,513.16 5 0
github.com/kitsnail/ips/internal/service/task_manager.go:513.16,515.3 1 0
github.com/kitsnail/ips/internal/service/task_manager.go:518.2,518.27 1 0
github.com/kitsnail/ips/internal/service/task_manager.go:518.27,521.3 2 0
github.com/kitsnail/ips/internal/service/task_manager.go:522.2,526.87 3 0
github.com/kitsnail/ips/internal/service/task_manager.go:526.87,531.3 1 0
github.com/kitsnail/ips/internal/service/task_manager.go:533.2,534.25 2 0
github.com/kitsnail/ips/internal/service/webhook.go:23.65,31.2 1 0
github.com/kitsnail/ips/internal/service/webhook.go:42.103,43.27 1 0
github.com/kitsnail/ips/internal/service/webhook.go:43.27,46.3 1 0
github.com/kitsnail/ips/internal/service/webhook.go:48.2,56.16 3 0
github.com/kitsnail/ips/internal/service/webhook.go:56.16,58.3 1 0
github.com/kitsnail/ips/internal/service/webhook.go:61.2,63.12 2 0
github.com/kitsnail/ips/internal/service/webhook.go:67.85,68.53 1 0
github.com/kitsnail/ips/internal/service/webhook.go:68.53,70.17 2 0
github.com/kitsnail/ips/internal/service/webhook.go:70.17,76.4 2 0
github.com/kitsnail/ips/internal/service/webhook.go:78.3,84.27 2 0
github.com/kitsnail/ips/internal/service/webhook.go:84.27,88.4 2 0
github.com/kitsnail/ips/internal/service/webhook.go:91.2,94.59 1 0
github.com/kitsnail/ips/internal/service/webhook.go:98.66,105.16 2 0
github.com/kitsnail/ips/internal/service/webhook.go:105.16,107.3 1 0
github.com/kitsnail/ips/internal/service/webhook.go:109.2,113.16 4 0
github.com/kitsnail/ips/internal/service/webhook.go:113.16,115.3 1 0
github.com/kitsnail/ips/internal/service/webhook.go:116.2,118.53 2 0
github.com/kitsnail/ips/internal/service/webhook.go:118.53,120.3 1 0
github.com/kitsnail/ips/internal/service/webhook.go:122.2,122.12 1 0
github.com/kitsnail/ips/internal/service/webhook.go:126.93,128.2 1 0
github.com/kitsnail/ips/internal/service/webhook.go:131.90,133.2 1 0
github.com/kitsnail/ips/internal/service/webhook.go:136.93,138.2 1 0
github.com/kitsnail/ips/pkg/models/task.go:64.36,65.23 1 0
github.com/kitsnail/ips/pkg/models/task.go:65.23,67.3 1 0
github.com/kitsnail/ips/pkg/models/task.go:69.2,70.16 2 0
github.com/kitsnail/ips/pkg/models/task.go:70.16,73.3 2 0
github.com/kitsnail/ips/pkg/models/task.go:75.2,76.67 2 0
github.com/kitsnail/ips/pkg/models/utils.go:12.30,22.2 6 0
